This is LuaTeX, Version 1.15.0 (TeX Live 2022/Arch Linux)  (INITEX)  4 FEB 2023 01:44
 restricted system commands enabled.
**optex.ini
(/usr/share/texmf-dist/tex/optex/base/optex.ini
OpTeX (Olsak's Plain TeX) initialization <1.06 Mar.2022>
(/usr/share/texmf-dist/tex/optex/base/prefixed.opm
Prefixing and code syntax <2021-08-16>
)
(/usr/share/texmf-dist/tex/optex/base/luatex-ini.opm
LuaTeX initialization code <2020-02-21>
)
(/usr/share/texmf-dist/tex/optex/base/basic-macros.opm
Basic macros for OpTeX <2021-07-20>
)
(/usr/share/texmf-dist/tex/optex/base/alloc.opm
Allocators for registers <2022-03-07>
\_insertalloc=\count256
\_marksalloc=\count257
\_attributealloc=\count258
\_catcodetablealloc=\count259
\tmpnum=\count260
\_tmpnum=\count261
\tmpdim=\dimen256
\_tmpdim=\dimen257
\_maxdimen=\dimen258
\_zo=\dimen259
\_hideskip=\skip256
\_centering=\skip257
\_zoskip=\skip258
\_voidbox=\box256
)
(/usr/share/texmf-dist/tex/optex/base/if-macros.opm
Special if-macros, is-macros and loops <2021-08-02>
\_frnum=\count262
\_forlevel=\count263
\_testin=\read0
)
(/usr/share/texmf-dist/tex/optex/base/parameters.opm
Parameter settings <2021-04-13>
\_smallskipamount=\skip259
\_medskipamount=\skip260
\_bigskipamount=\skip261
\_normalbaselineskip=\skip262
\_normallineskip=\skip263
\_normallineskiplimit=\dimen260
\_jot=\dimen261
\_interdisplaylinepenalty=\count264
\_interfootnotelinepenalty=\count265
\_picdir=\toks256
\_picwidth=\dimen262
\_picheight=\dimen263
\_everytt=\toks257
\_everyintt=\toks258
\_ttline=\count266
\_ttindent=\dimen264
\_ttshift=\dimen265
\_iindent=\dimen266
\_tabspaces=\count267
\_hicolors=\toks259
\_defaultitem=\toks260
\_everyitem=\toks261
\_everylist=\toks262
\_listskipamount=\skip264
\_ilevel=\count268
\_titskip=\skip265
\_colsep=\dimen267
\_everytocline=\toks263
\_bibtexhook=\toks264
\_biboptions=\toks265
\_bibpart=\toks266
\_everycaptiont=\toks267
\_everycaptionf=\toks268
\_everyii=\toks269
\_everymnote=\toks270
\_mnotesize=\dimen268
\_mnoteindent=\dimen269
\_everytable=\toks271
\_thistable=\toks272
\_tabiteml=\toks273
\_tabitemr=\toks274
\_tabstrut=\toks275
\_tablinespace=\dimen270
\_vvkern=\dimen271
\_hhkern=\dimen272
\_tsize=\dimen273
\_tabskipl=\skip266
\_tabskipr=\skip267
\_eqlines=\toks276
\_eqstyle=\toks277
\_eqspace=\dimen274
\_lmfil=\toks278
\_headline=\toks279
\_footline=\toks280
\_headlinedist=\dimen275
\_footlinedist=\dimen276
\_pgbottomskip=\skip268
\_nextpages=\toks281
\_pgbackground=\toks282
\_ovalparams=\toks283
\_circleparams=\toks284
\_roundness=\dimen277
)
(/usr/share/texmf-dist/tex/optex/base/more-macros.opm
OpTeX useful macros <2021-04-25>
\_optexcatcodes=\catcodetable11
\_plaintexcatcodes=\catcodetable12
\_tmpcatcodes=\catcodetable13
\_opt=\toks285
\_tmptoks=\toks286
)
(/usr/share/texmf-dist/tex/optex/base/keyval.opm
Key-value dictionaries <2020-12-21>
)
(/usr/share/texmf-dist/tex/optex/base/plain-macros.opm
Macros from plain TeX <2022-02-19>
\_strutbox=\box257
\_mscount=\count269

(/usr/share/texmf-dist/tex/generic/hyphen/hyphen.tex))
(/usr/share/texmf-dist/tex/optex/base/fonts-preload.opm
Latin Modern fonts (EC) preloaded <2022-02-12>
)
(/usr/share/texmf-dist/tex/optex/base/fonts-resize.opm
Font resizing macros <2022-02-22>
\_optsize=\dimen278
\_defaultoptsize=\dimen279
\_lastmagsize=\dimen280
)
(/usr/share/texmf-dist/tex/optex/base/fonts-select.opm
Fonts selection system <2022-02-22>
\_famfrom=\toks287

(/usr/share/texmf-dist/tex/optex/base/fams-ini.opm)
\_catalogsample=\toks288
\_catalogmathsample=\toks289
\_catalogonly=\toks290
\_catalogexclude=\toks291
)
(/usr/share/texmf-dist/tex/optex/base/math-preload.opm
Math fonts CM + AMS preloaded <2022-02-22>
\_ptunit=\dimen281
\_ptmunit=\dimen282
)
(/usr/share/texmf-dist/tex/optex/base/math-macros.opm
Math macros plus mathchardefs <2021-08-02>
\_rootbox=\box258
\_ptrenwd=\dimen283
\_stylenum=\count270
)
(/usr/share/texmf-dist/tex/optex/base/math-unicode.opm
Unicode Math fonts <2021-08-16>
\_umathnumA=\count271
\_umathnumB=\count272
)
(/usr/share/texmf-dist/tex/optex/base/fonts-opmac.opm
Font managing macros from OPmac <2022-02-22>
\_mainbaselineskip=\skip269
\_mainfosize=\dimen284
\_mfontsrule=\count273
)
(/usr/share/texmf-dist/tex/optex/base/output.opm
Output routine <2021-03-07>
\_xhsize=\dimen285
\_gpageno=\count274
\_footins=\_insert254
\_topins=\_insert253
)
(/usr/share/texmf-dist/tex/optex/base/margins.opm
Macros for margins setting <2021-03-15>
\_pgwidth=\dimen286
\_pgheight=\dimen287
\_shiftoffset=\dimen288
)
(/usr/share/texmf-dist/tex/optex/base/colors.opm
Colors <2022-03-07>
\_colorattr=\attribute1
\_colorcnt=\count275
\_transpattr=\attribute2
)
(/usr/share/texmf-dist/tex/optex/base/ref-file.opm
File for references <2021-07-19>
\_reffile=\write1
)
(/usr/share/texmf-dist/tex/optex/base/references.opm
References <2021-04-13>
\_unresolvedrefs=\count276
)
(/usr/share/texmf-dist/tex/optex/base/hyperlinks.opm
Hyperlinks <2021-08-31>
)
(/usr/share/texmf-dist/tex/optex/base/maketoc.opm
Macros for maketoc <2021-07-18>
\_tocrefnum=\count277
\_regtoc=\toks292
\_regmark=\toks293
\_regoul=\toks294
)
(/usr/share/texmf-dist/tex/optex/base/outlines.opm
PDF outlines <2021-02-09>
\_oulnum=\count278
)
(/usr/share/texmf-dist/tex/optex/base/pdfuni-string.opm
PDFunicode strings for outlines <2021-02-08>
)
(/usr/share/texmf-dist/tex/optex/base/sections.opm
Titles, chapters, sections, subsections <2021-03-03>
\_sectionlevel=\count279
\_chapnum=\count280
\_secnum=\count281
\_seccnum=\count282
\_tnum=\count283
\_fnum=\count284
\_dnum=\count285
\_savedtitleskip=\skip270
\_savedlastskip=\skip271
\_counterA=\count286
\_counterB=\count287
\_counterC=\count288
\_counterD=\count289
\_counterE=\count290
)
(/usr/share/texmf-dist/tex/optex/base/lists.opm
Lists: begitems, enditems <2021-03-10>
\_itemnum=\count291
\_printitem=\toks295
)
(/usr/share/texmf-dist/tex/optex/base/verbatim.opm
Verbatim <2022-02-22>
\_viline=\count292
\_vifile=\read1
\_verbatimcatcodes=\catcodetable14
)
(/usr/share/texmf-dist/tex/optex/base/hi-syntax.opm
Syntax highlighting of verbatim listings <2020-04-04>
)
(/usr/share/texmf-dist/tex/optex/base/graphics.opm
Graphics <2022-03-05>
\_inkdefs=\toks296
\_bgbox=\box259
\_lwidth=\dimen289
)
(/usr/share/texmf-dist/tex/optex/base/table.opm
Basic macros for OpTeX <2022-02-25>
\_tstrutbox=\box260
\_tabdata=\toks297
\_colnum=\count293
\_tsizesum=\dimen290
\_drulewidth=\dimen291
)
(/usr/share/texmf-dist/tex/optex/base/multicolumns.opm
Balanced columns <2021-05-20>
\_mullines=\count294
)
(/usr/share/texmf-dist/tex/optex/base/cite-bib.opm
Cite, Biblioraphy <2021-04-13>
\_bibnum=\count295
\_bibmark=\toks298
\_lastcitenum=\count296
)
(/usr/share/texmf-dist/tex/optex/base/makeindex.opm
Makeindex and sorting <2022-02-19>
)
(/usr/share/texmf-dist/tex/optex/base/fnotes.opm
Footnotes, marginal notes OpTeX <2020-05-26>
\_gfnotenum=\count297
\_lfnotenum=\count298
\_mnotenum=\count299
\_mnoteskip=\dimen292
)
(/usr/share/texmf-dist/tex/optex/base/styles.opm
Basic styles of OpTeX <2021-03-10>
)
(/usr/share/texmf-dist/tex/optex/base/logos.opm
Logos TeX, LuaTeX, etc. <2020-02-28>
)
(/usr/share/texmf-dist/tex/optex/base/uni-lcuc.opm
Setting lccodes and uccodes for Unicode characters <2021-04-07>

(/usr/share/texmf-dist/tex/generic/unicode-data/UnicodeData.txt))
(/usr/share/texmf-dist/tex/optex/base/languages.opm
Languages <2022-02-19>
)
(/usr/share/texmf-dist/tex/optex/base/lang-decl.opm
Languages declaration <2022-02-19>
\_enusPatt=\language1
\_engbPatt=\language2
\_bePatt=\language3
\_bgPatt=\language4
\_caPatt=\language5
\_hrPatt=\language6
\_csPatt=\language7
\_daPatt=\language8
\_nlPatt=\language9
\_etPatt=\language10
\_fiPatt=\language11
\_fisPatt=\language12
\_frPatt=\language13
\_dePatt=\language14
\_deoPatt=\language15
\_gswPatt=\language16
\_elmPatt=\language17
\_elpPatt=\language18
\_grcPatt=\language19
\_huPatt=\language20
\_isPatt=\language21
\_gaPatt=\language22
\_itPatt=\language23
\_laPatt=\language24
\_lacPatt=\language25
\_lalPatt=\language26
\_lvPatt=\language27
\_ltPatt=\language28
\_mkPatt=\language29
\_plPatt=\language30
\_ptPatt=\language31
\_roPatt=\language32
\_rmPatt=\language33
\_ruPatt=\language34
\_srlPatt=\language35
\_srcPatt=\language36
\_skPatt=\language37
\_slPatt=\language38
\_esPatt=\language39
\_svPatt=\language40
\_ukPatt=\language41
\_cyPatt=\language42
\_afPatt=\language43
\_hyPatt=\language44
\_asPatt=\language45
\_euPatt=\language46
\_bnPatt=\language47
\_nbPatt=\language48
\_copPatt=\language49
\_cuPatt=\language50
\_eoPatt=\language51
\_ethiPatt=\language52
\_furPatt=\language53
\_glPatt=\language54
\_kaPatt=\language55
\_guPatt=\language56
\_hiPatt=\language57
\_idPatt=\language58
\_iaPatt=\language59
\_knPatt=\language60
\_kmrPatt=\language61
\_mlPatt=\language62
\_mrPatt=\language63
\_mnPatt=\language64
\_nnPatt=\language65
\_ocPatt=\language66
\_orPatt=\language67
\_piPatt=\language68
\_paPatt=\language69
\_pmsPatt=\language70
\_zhPatt=\language71
\_saPatt=\language72
\_taPatt=\language73
\_tePatt=\language74
\_thPatt=\language75
\_trPatt=\language76
\_tkPatt=\language77
\_hsbPatt=\language78

Declared languages: en(USEnglish) enus(USenglishmax) engb(UKenglish) be(Belarus
ian) bg(Bulgarian) ca(Catalan) hr(Croatian) cs(Czech) da(Danish) nl(Dutch) et(E
stonian) fi(Finnish) fis(schoolFinnish) fr(French) de(nGerman) deo(oldGerman) g
sw(swissGerman) elm(monoGreek) elp(Greek) grc(ancientGreek) hu(Hungarian) is(Ic
elandic) ga(Irish) it(Italian) la(Latin) lac(classicLatin) lal(liturgicalLatin)
 lv(Latvian) lt(Lithuanian) mk(Macedonian) pl(Polish) pt(Portuguese) ro(Romania
n) rm(Romansh) ru(Russian) srl(Serbian) src(SerbianCyrl) sk(Slovak) sl(Slovenia
n) es(Spanish) sv(Swedish) uk(Ukrainian) cy(Welsh) af(Afrikaans) hy(Armenian) a
s(Assamese) eu(Basque) bn(Bengali) nb(Bokmal) cop(Coptic) cu(churchslavonic) eo
(Esperanto) ethi(Ethiopic) fur(Friulan) gl(Galician) ka(Georgian) gu(Gujarati) 
hi(Hindi) id(Indonesian) ia(Interlingua) kn(Kannada) kmr(Kurmanji) ml(Malayalam
) mr(Marathi) mn(Mongolian) nn(Nynorsk) oc(Occitan) or(Oriya) pi(Pali) pa(Panja
bi) pms(Piedmontese) zh(Pinyin) sa(Sanskrit) ta(Tamil) te(Telugu) th(Thai) tr(T
urkish) tk(Turkmen) hsb(Uppersorbian). Use \<lang-id>lang to initialize languag
e, \cslang for example. (/usr/share/texmf-dist/tex/optex/base/lang-data.opm
Reading data for the language English (en)
)
(/usr/share/texmf-dist/tex/optex/base/lang-data.opm
Reading data for the language Czech (cs)
))
(/usr/share/texmf-dist/tex/optex/base/others.opm
Miscenaleous <2020-08-02>
\p@=\dimen293
\p@renwd=\dimen294
))
Beginning to dump on file optex.fmt
 (format=optex 2023.2.4)
7228 strings using 36806 bytes
101263 memory locations dumped; current usage is 163&50040
5145 multiletter control sequences
\font\nullfont=nullfont
\font\_tenrm=ec-lmr10
\font\_tenbf=ec-lmbx10
\font\_tenit=ec-lmri10
\font\_tenbi=ec-lmbxi10
\font\_tentt=ec-lmtt10
\font\_mF=cmr10
\font\_mF=cmr7
\font\_mF=cmr5
\font\_mF=cmmi10
\font\_mF=cmmi7
\font\_mF=cmmi5
\font\_mF=cmsy10
\font\_mF=cmsy7
\font\_mF=cmsy5
\font\_mF=cmex10
\font\_mF=cmex7
\font\_mF=cmex7 at 5.0pt
\font\_mF=msam10
\font\_mF=msam7
\font\_mF=msam5
\font\_mF=msbm10
\font\_mF=msbm7
\font\_mF=msbm5
\font\_mF=rsfs10
\font\_mF=rsfs7
\font\_mF=rsfs5
\font\_mF=eufm10
\font\_mF=eufm7
\font\_mF=eufm5
\font\_mF=ecsx1000
\font\_mF=ecsx0700
\font\_mF=ecsx0500
\font\_mF=ecso1000
\font\_mF=ecso0700
\font\_mF=ecso0500
35 preloaded fonts
warning  (pdf backend): no pages of output.

PDF statistics: 0 PDF objects out of 1000 (max. 8388607)
 0 named destinations out of 1000 (max. 131072)
 1 words of extra memory for PDF output out of 10000 (max. 100000000)

