This is pdfTeX, Version 3.141592653-2.6-1.40.24 (TeX Live 2022/Arch Linux) (INITEX)  4 FEB 2023 01:43
entering extended mode
 restricted \write18 enabled.
 %&-line parsing enabled.
 (/usr/share/texmf-dist/web2c/cp227.tcx)
MLTeX v2.2 enabled
***mllatex.ini
(/usr/share/texmf-dist/tex/latex/latexconfig/mllatex.ini
(/usr/share/texmf-dist/tex/latex/base/latex.ltx
(/usr/share/texmf-dist/tex/latex/base/texsys.cfg)
\openout15 = `texsys.aux'.


./texsys.aux found


\@currdir set to: ./.


Assuming \openin and \input 
have the same search path.


Defining UNIX/DOS style filename parser.

catcodes, registers,
\@inputcheck=\read0
\@unused=\write0
\maxdimen=\dimen10
\hideskip=\skip10
\p@=\dimen11
\z@=\dimen12
\z@skip=\skip11
\voidb@x=\box10
 parameters,
\normalbaselineskip=\skip12
\normallineskip=\skip13
\normallineskiplimit=\dimen13
\interfootnotelinepenalty=\count23
\strutbox=\box11

LaTeX2e <2021-11-15> patch level 1
(/usr/share/texmf-dist/tex/latex/l3kernel/expl3.ltx
(/usr/share/texmf-dist/tex/latex/l3kernel/expl3-code.tex
Package: expl3 2022-04-10 L3 programming layer (code)
\c_max_int=\count24
\l_tmpa_int=\count25
\l_tmpb_int=\count26
\g_tmpa_int=\count27
\g_tmpb_int=\count28
\l__seq_internal_a_int=\count29
\l__seq_internal_b_int=\count30
\g__kernel_prg_map_int=\count31
\c__ior_term_noprompt_ior=\count32
\c_log_iow=\count33
\l_iow_line_count_int=\count34
\l__iow_line_target_int=\count35
\l__iow_one_indent_int=\count36
\l__iow_indent_int=\count37
\c_zero_dim=\dimen14
\c_max_dim=\dimen15
\l_tmpa_dim=\dimen16
\l_tmpb_dim=\dimen17
\g_tmpa_dim=\dimen18
\g_tmpb_dim=\dimen19
\c_zero_skip=\skip14
\c_max_skip=\skip15
\l_tmpa_skip=\skip16
\l_tmpb_skip=\skip17
\g_tmpa_skip=\skip18
\g_tmpb_skip=\skip19
\c_zero_muskip=\muskip10
\c_max_muskip=\muskip11
\l_tmpa_muskip=\muskip12
\l_tmpb_muskip=\muskip13
\g_tmpa_muskip=\muskip14
\g_tmpb_muskip=\muskip15
\l_keys_choice_int=\count38
\l__intarray_loop_int=\count39
\c__intarray_sp_dim=\dimen20
\g__intarray_font_int=\count40
\c__fp_leading_shift_int=\count41
\c__fp_middle_shift_int=\count42
\c__fp_trailing_shift_int=\count43
\c__fp_big_leading_shift_int=\count44
\c__fp_big_middle_shift_int=\count45
\c__fp_big_trailing_shift_int=\count46
\c__fp_Bigg_leading_shift_int=\count47
\c__fp_Bigg_middle_shift_int=\count48
\c__fp_Bigg_trailing_shift_int=\count49
\c__kernel_randint_max_int=\count50
\g__fp_array_int=\count51
\l__fp_array_loop_int=\count52
\g__cctab_allocate_int=\count53
\l__sort_length_int=\count54
\l__sort_min_int=\count55
\l__sort_top_int=\count56
\l__sort_max_int=\count57
\l__sort_true_max_int=\count58
\l__sort_block_int=\count59
\l__sort_begin_int=\count60
\l__sort_end_int=\count61
\l__sort_A_int=\count62
\l__sort_B_int=\count63
\l__sort_C_int=\count64
\c__str_replacement_char_int=\count65
\l__str_modulo_int=\count66
\l__tl_analysis_normal_int=\count67
\l__tl_analysis_index_int=\count68
\l__tl_analysis_nesting_int=\count69
\l__tl_analysis_type_int=\count70
\l__tl_peek_charcode_int=\count71
\l__regex_internal_a_int=\count72
\l__regex_internal_b_int=\count73
\l__regex_internal_c_int=\count74
\l__regex_balance_int=\count75
\l__regex_group_level_int=\count76
\l__regex_mode_int=\count77
\c__regex_cs_in_class_mode_int=\count78
\c__regex_cs_mode_int=\count79
\l__regex_catcodes_int=\count80
\l__regex_default_catcodes_int=\count81
\c__regex_catcode_D_int=\count82
\c__regex_catcode_S_int=\count83
\c__regex_catcode_L_int=\count84
\c__regex_catcode_O_int=\count85
\c__regex_catcode_A_int=\count86
\c__regex_all_catcodes_int=\count87
\l__regex_show_lines_int=\count88
\l__regex_min_state_int=\count89
\l__regex_max_state_int=\count90
\l__regex_left_state_int=\count91
\l__regex_right_state_int=\count92
\l__regex_capturing_group_int=\count93
\g__regex_case_int=\count94
\l__regex_case_max_group_int=\count95
\l__regex_min_pos_int=\count96
\l__regex_max_pos_int=\count97
\l__regex_curr_pos_int=\count98
\l__regex_start_pos_int=\count99
\l__regex_success_pos_int=\count100
\l__regex_curr_char_int=\count101
\l__regex_curr_catcode_int=\count102
\l__regex_last_char_int=\count103
\l__regex_last_char_success_int=\count104
\l__regex_case_changed_char_int=\count105
\l__regex_curr_state_int=\count106
\l__regex_step_int=\count107
\l__regex_min_thread_int=\count108
\l__regex_max_thread_int=\count109
\l__regex_replacement_csnames_int=\count110
\l__regex_match_count_int=\count111
\l__regex_min_submatch_int=\count112
\l__regex_submatch_int=\count113
\l__regex_zeroth_submatch_int=\count114
\l__regex_added_begin_int=\count115
\l__regex_added_end_int=\count116
\g__regex_trace_regex_int=\count117
\c_empty_box=\box12
\l_tmpa_box=\box13
\l_tmpb_box=\box14
\g_tmpa_box=\box15
\g_tmpb_box=\box16
\l__box_top_dim=\dimen21
\l__box_bottom_dim=\dimen22
\l__box_left_dim=\dimen23
\l__box_right_dim=\dimen24
\l__box_top_new_dim=\dimen25
\l__box_bottom_new_dim=\dimen26
\l__box_left_new_dim=\dimen27
\l__box_right_new_dim=\dimen28
\l__box_internal_box=\box17
\l__color_internal_int=\count118
\g__color_model_int=\count119
\l__coffin_internal_box=\box18
\l__coffin_internal_dim=\dimen29
\l__coffin_offset_x_dim=\dimen30
\l__coffin_offset_y_dim=\dimen31
\l__coffin_x_dim=\dimen32
\l__coffin_y_dim=\dimen33
\l__coffin_x_prime_dim=\dimen34
\l__coffin_y_prime_dim=\dimen35
\c_empty_coffin=\box19
\l__coffin_aligned_coffin=\box20
\l__coffin_aligned_internal_coffin=\box21
\l_tmpa_coffin=\box22
\l_tmpb_coffin=\box23
\g_tmpa_coffin=\box24
\g_tmpb_coffin=\box25
\l__coffin_bounding_shift_dim=\dimen36
\l__coffin_left_corner_dim=\dimen37
\l__coffin_right_corner_dim=\dimen38
\l__coffin_bottom_corner_dim=\dimen39
\l__coffin_top_corner_dim=\dimen40
\l__coffin_scaled_total_height_dim=\dimen41
\l__coffin_scaled_width_dim=\dimen42
\c__coffin_empty_coffin=\box26
\l__coffin_display_coffin=\box27
\l__coffin_display_coord_coffin=\box28
\l__coffin_display_pole_coffin=\box29
\l__coffin_display_offset_dim=\dimen43
\l__coffin_display_x_dim=\dimen44
\l__coffin_display_y_dim=\dimen45
\g__char_data_ior=\read1
)) hacks,
document commands,
\l__cmd_current_arg_int=\count120
\g__cmd_grabber_int=\count121
\l__cmd_m_args_int=\count122
\l__cmd_v_nesting_int=\count123
\l__hook_labels_int=\count124
\l__hook_patch_num_args_int=\count125
\@tempcnta=\count126
\@tempcntb=\count127
\@tempdima=\dimen46
\@tempdimb=\dimen47
\@tempdimc=\dimen48
\@tempboxa=\box30
\@tempskipa=\skip20
\@tempskipb=\skip21
\@temptokena=\toks10
\@flushglue=\skip22
 control, par,
\everypar=\toks11
\g_para_indent_box=\box31
 spacing,
\@savsk=\dimen49
\@savsf=\count128
\smallskipamount=\skip23
\medskipamount=\skip24
\bigskipamount=\skip25
\fill=\skip26
 files,
\@mainaux=\write1
\@partaux=\write2
\@clubpenalty=\count129
LaTeX Info: Redefining \IfFileExists on input line 6867.
 font encodings, lengths,
\everymath=\toks12
\everydisplay=\toks13
\series@check@toks=\toks14
\every@math@size=\toks15
\lower@bound=\dimen50
\upper@bound=\dimen51
\c@localmathalphabets=\count130
\c@mv@normal=\count131
\c@mv@bold=\count132

====================================

Local config file fonttext.cfg used

====================================
(/usr/share/texmf-dist/tex/latex/base/fonttext.cfg
File: fonttext.cfg 2021/01/15 v3.0i LaTeX Kernel (Uncustomized text font setup)


(/usr/share/texmf-dist/tex/latex/base/fonttext.ltx
File: fonttext.ltx 2021/01/15 v3.0i LaTeX Kernel (Text font setup)

=== Don't modify this file, use a .cfg file instead ===

(/usr/share/texmf-dist/tex/latex/base/omlenc.def
File: omlenc.def 2021/04/29 v2.0v Standard LaTeX file
)
(/usr/share/texmf-dist/tex/latex/base/omsenc.def
File: omsenc.def 2021/04/29 v2.0v Standard LaTeX file
)
(/usr/share/texmf-dist/tex/latex/base/ot1enc.def
File: ot1enc.def 2021/04/29 v2.0v Standard LaTeX file
)
(/usr/share/texmf-dist/tex/latex/base/t1enc.def
File: t1enc.def 2021/04/29 v2.0v Standard LaTeX file
)
(/usr/share/texmf-dist/tex/latex/base/ts1enc.def
File: ts1enc.def 2001/06/05 v3.0e (jk/car/fm) Standard LaTeX file
)
LaTeX Font Info:    Trying to load font information for TS1+cmr on input line 5
5.

(/usr/share/texmf-dist/tex/latex/base/ts1cmr.fd
File: ts1cmr.fd 2019/12/16 v2.5j Standard LaTeX font definitions
)
(/usr/share/texmf-dist/tex/latex/base/t1cmr.fd
File: t1cmr.fd 2019/12/16 v2.5j Standard LaTeX font definitions
)
(/usr/share/texmf-dist/tex/latex/base/ot1cmr.fd
File: ot1cmr.fd 2019/12/16 v2.5j Standard LaTeX font definitions
)
(/usr/share/texmf-dist/tex/latex/base/ot1cmss.fd
File: ot1cmss.fd 2019/12/16 v2.5j Standard LaTeX font definitions
)
(/usr/share/texmf-dist/tex/latex/base/ot1cmtt.fd
File: ot1cmtt.fd 2019/12/16 v2.5j Standard LaTeX font definitions
)))
====================================

Local config file fontmath.cfg used

====================================
(/usr/share/texmf-dist/tex/latex/base/fontmath.cfg
File: fontmath.cfg 2021/01/15 v3.0i LaTeX Kernel (Uncustomized math font setup)


(/usr/share/texmf-dist/tex/latex/base/fontmath.ltx
File: fontmath.ltx 2021/01/15 v3.0i LaTeX Kernel (Math font setup)

=== Don't modify this file, use a .cfg file instead ===

LaTeX Font Info:    Redeclaring font encoding OML on input line 44.
LaTeX Font Info:    Redeclaring font encoding OMS on input line 45.
(/usr/share/texmf-dist/tex/latex/base/omlcmm.fd
File: omlcmm.fd 2019/12/16 v2.5j Standard LaTeX font definitions
)
(/usr/share/texmf-dist/tex/latex/base/omscmsy.fd
File: omscmsy.fd 2019/12/16 v2.5j Standard LaTeX font definitions
)
(/usr/share/texmf-dist/tex/latex/base/omxcmex.fd
File: omxcmex.fd 2019/12/16 v2.5j Standard LaTeX font definitions
)
(/usr/share/texmf-dist/tex/latex/base/ucmr.fd
File: ucmr.fd 2019/12/16 v2.5j Standard LaTeX font definitions
)
\symoperators=\mathgroup0
\symletters=\mathgroup1
\symsymbols=\mathgroup2
\symlargesymbols=\mathgroup3
LaTeX Font Info:    Overwriting symbol font `operators' in version `bold'
(Font)                  OT1/cmr/m/n --> OT1/cmr/bx/n on input line 63.
LaTeX Font Info:    Overwriting symbol font `letters' in version `bold'
(Font)                  OML/cmm/m/it --> OML/cmm/b/it on input line 64.
LaTeX Font Info:    Overwriting symbol font `symbols' in version `bold'
(Font)                  OMS/cmsy/m/n --> OMS/cmsy/b/n on input line 65.
LaTeX Font Info:    Overwriting math alphabet `\mathsf' in version `bold'
(Font)                  OT1/cmss/m/n --> OT1/cmss/bx/n on input line 73.
LaTeX Font Info:    Overwriting math alphabet `\mathit' in version `bold'
(Font)                  OT1/cmr/m/it --> OT1/cmr/bx/it on input line 74.
))
====================================

Local config file preload.cfg used

=====================================
(/usr/share/texmf-dist/tex/latex/base/preload.cfg
File: preload.cfg 2021/01/15 v3.0i LaTeX Kernel (Uncustomized preload font setu
p)

(/usr/share/texmf-dist/tex/latex/base/preload.ltx
File: preload.ltx 2021/10/04 v2.1g LaTeX Kernel (Font Preloading)
))
LaTeX Font Info:    Setting ? sub-encoding to TS1/9 on input line 10627.
LaTeX Font Info:    Setting ccr sub-encoding to TS1/0 on input line 10628.
LaTeX Font Info:    Setting cmbr sub-encoding to TS1/0 on input line 10629.
LaTeX Font Info:    Setting cmr sub-encoding to TS1/0 on input line 10630.
LaTeX Font Info:    Setting cmss sub-encoding to TS1/0 on input line 10631.
LaTeX Font Info:    Setting cmtl sub-encoding to TS1/0 on input line 10632.
LaTeX Font Info:    Setting cmtt sub-encoding to TS1/0 on input line 10633.
LaTeX Font Info:    Setting cmvtt sub-encoding to TS1/0 on input line 10634.
LaTeX Font Info:    Setting pxr sub-encoding to TS1/0 on input line 10635.
LaTeX Font Info:    Setting pxss sub-encoding to TS1/0 on input line 10636.
LaTeX Font Info:    Setting pxtt sub-encoding to TS1/0 on input line 10637.
LaTeX Font Info:    Setting qag sub-encoding to TS1/0 on input line 10638.
LaTeX Font Info:    Setting qbk sub-encoding to TS1/0 on input line 10639.
LaTeX Font Info:    Setting qcr sub-encoding to TS1/0 on input line 10640.
LaTeX Font Info:    Setting qcs sub-encoding to TS1/0 on input line 10641.
LaTeX Font Info:    Setting qhvc sub-encoding to TS1/0 on input line 10642.
LaTeX Font Info:    Setting qhv sub-encoding to TS1/0 on input line 10643.
LaTeX Font Info:    Setting qpl sub-encoding to TS1/0 on input line 10644.
LaTeX Font Info:    Setting qtm sub-encoding to TS1/0 on input line 10645.
LaTeX Font Info:    Setting qzc sub-encoding to TS1/0 on input line 10646.
LaTeX Font Info:    Setting txr sub-encoding to TS1/0 on input line 10647.
LaTeX Font Info:    Setting txss sub-encoding to TS1/0 on input line 10648.
LaTeX Font Info:    Setting txtt sub-encoding to TS1/0 on input line 10649.
LaTeX Font Info:    Setting lmr sub-encoding to TS1/1 on input line 10650.
LaTeX Font Info:    Setting lmdh sub-encoding to TS1/1 on input line 10651.
LaTeX Font Info:    Setting lmss sub-encoding to TS1/1 on input line 10652.
LaTeX Font Info:    Setting lmssq sub-encoding to TS1/1 on input line 10653.
LaTeX Font Info:    Setting lmvtt sub-encoding to TS1/1 on input line 10654.
LaTeX Font Info:    Setting lmtt sub-encoding to TS1/1 on input line 10655.
LaTeX Font Info:    Setting ptmx sub-encoding to TS1/2 on input line 10657.
LaTeX Font Info:    Setting ptmj sub-encoding to TS1/2 on input line 10658.
LaTeX Font Info:    Setting ul8 sub-encoding to TS1/2 on input line 10659.
LaTeX Font Info:    Setting bch sub-encoding to TS1/5 on input line 10660.
LaTeX Font Info:    Setting futj sub-encoding to TS1/5 on input line 10661.
LaTeX Font Info:    Setting futs sub-encoding to TS1/5 on input line 10662.
LaTeX Font Info:    Setting futx sub-encoding to TS1/5 on input line 10663.
LaTeX Font Info:    Setting pag sub-encoding to TS1/5 on input line 10664.
LaTeX Font Info:    Setting pbk sub-encoding to TS1/5 on input line 10665.
LaTeX Font Info:    Setting pcr sub-encoding to TS1/5 on input line 10666.
LaTeX Font Info:    Setting phv sub-encoding to TS1/5 on input line 10667.
LaTeX Font Info:    Setting pnc sub-encoding to TS1/5 on input line 10668.
LaTeX Font Info:    Setting pplj sub-encoding to TS1/5 on input line 10669.
LaTeX Font Info:    Setting pplx sub-encoding to TS1/5 on input line 10670.
LaTeX Font Info:    Setting ppl sub-encoding to TS1/5 on input line 10671.
LaTeX Font Info:    Setting ptm sub-encoding to TS1/5 on input line 10672.
LaTeX Font Info:    Setting pzc sub-encoding to TS1/5 on input line 10673.
LaTeX Font Info:    Setting ul9 sub-encoding to TS1/5 on input line 10674.
LaTeX Font Info:    Setting dayroms sub-encoding to TS1/6 on input line 10675.
LaTeX Font Info:    Setting dayrom sub-encoding to TS1/6 on input line 10676.
LaTeX Font Info:    Setting augie sub-encoding to TS1/8 on input line 10677.
LaTeX Font Info:    Setting put sub-encoding to TS1/8 on input line 10678.
LaTeX Font Info:    Setting uag sub-encoding to TS1/8 on input line 10679.
LaTeX Font Info:    Setting ugq sub-encoding to TS1/8 on input line 10680.
LaTeX Font Info:    Setting zi4 sub-encoding to TS1/9 on input line 10681.
LaTeX Font Info:    Setting hls sub-encoding to TS1/5 on input line 10682.
LaTeX Font Info:    Setting hlst sub-encoding to TS1/5 on input line 10683.
LaTeX Font Info:    Setting hlct sub-encoding to TS1/5 on input line 10684.
LaTeX Font Info:    Setting hlh sub-encoding to TS1/5 on input line 10685.
LaTeX Font Info:    Setting hlx sub-encoding to TS1/8 on input line 10686.
LaTeX Font Info:    Setting hlce sub-encoding to TS1/8 on input line 10687.
LaTeX Font Info:    Setting hlcn sub-encoding to TS1/8 on input line 10688.
LaTeX Font Info:    Setting hlcw sub-encoding to TS1/8 on input line 10689.
LaTeX Font Info:    Setting hlcf sub-encoding to TS1/8 on input line 10690.
LaTeX Font Info:    Setting lato-LF sub-encoding to TS1/0 on input line 10691.
LaTeX Font Info:    Setting lato-TLF sub-encoding to TS1/0 on input line 10691.

LaTeX Font Info:    Setting lato-OsF sub-encoding to TS1/0 on input line 10691.

LaTeX Font Info:    Setting lato-TOsF sub-encoding to TS1/0 on input line 10691
.
LaTeX Font Info:    Setting opensans-LF sub-encoding to TS1/0 on input line 106
92.
LaTeX Font Info:    Setting opensans-TLF sub-encoding to TS1/0 on input line 10
692.
LaTeX Font Info:    Setting opensans-OsF sub-encoding to TS1/0 on input line 10
692.
LaTeX Font Info:    Setting opensans-TOsF sub-encoding to TS1/0 on input line 1
0692.
LaTeX Font Info:    Setting cantarell-LF sub-encoding to TS1/0 on input line 10
693.
LaTeX Font Info:    Setting cantarell-TLF sub-encoding to TS1/0 on input line 1
0693.
LaTeX Font Info:    Setting cantarell-OsF sub-encoding to TS1/0 on input line 1
0693.
LaTeX Font Info:    Setting cantarell-TOsF sub-encoding to TS1/0 on input line 
10693.
LaTeX Font Info:    Setting fbb-LF sub-encoding to TS1/0 on input line 10694.
LaTeX Font Info:    Setting fbb-TLF sub-encoding to TS1/0 on input line 10694.
LaTeX Font Info:    Setting fbb-OsF sub-encoding to TS1/0 on input line 10694.
LaTeX Font Info:    Setting fbb-TOsF sub-encoding to TS1/0 on input line 10694.

LaTeX Font Info:    Setting tli sub-encoding to TS1/1 on input line 10695.
LaTeX Font Info:    Setting Alegreya-LF sub-encoding to TS1/2 on input line 106
96.
LaTeX Font Info:    Setting Alegreya-TLF sub-encoding to TS1/2 on input line 10
696.
LaTeX Font Info:    Setting Alegreya-OsF sub-encoding to TS1/2 on input line 10
696.
LaTeX Font Info:    Setting Alegreya-TOsF sub-encoding to TS1/2 on input line 1
0696.
LaTeX Font Info:    Setting AlegreyaSans-LF sub-encoding to TS1/2 on input line
 10697.
LaTeX Font Info:    Setting AlegreyaSans-TLF sub-encoding to TS1/2 on input lin
e 10697.
LaTeX Font Info:    Setting AlegreyaSans-OsF sub-encoding to TS1/2 on input lin
e 10697.
LaTeX Font Info:    Setting AlegreyaSans-TOsF sub-encoding to TS1/2 on input li
ne 10697.
LaTeX Font Info:    Setting DejaVuSans-TLF sub-encoding to TS1/2 on input line 
10698.
LaTeX Font Info:    Setting DejaVuSansCondensed-TLF sub-encoding to TS1/2 on in
put line 10699.
LaTeX Font Info:    Setting DejaVuSansMono-TLF sub-encoding to TS1/2 on input l
ine 10700.
LaTeX Font Info:    Setting EBGaramond-LF sub-encoding to TS1/2 on input line 1
0701.
LaTeX Font Info:    Setting EBGaramond-TLF sub-encoding to TS1/2 on input line 
10701.
LaTeX Font Info:    Setting EBGaramond-OsF sub-encoding to TS1/2 on input line 
10701.
LaTeX Font Info:    Setting EBGaramond-TOsF sub-encoding to TS1/2 on input line
 10701.
LaTeX Font Info:    Setting Tempora-TLF sub-encoding to TS1/2 on input line 107
02.
LaTeX Font Info:    Setting Tempora-TOsF sub-encoding to TS1/2 on input line 10
703.
LaTeX Font Info:    Setting Arimo-TLF sub-encoding to TS1/3 on input line 10704
.
LaTeX Font Info:    Setting Carlito-LF sub-encoding to TS1/3 on input line 1070
5.
LaTeX Font Info:    Setting Carlito-TLF sub-encoding to TS1/3 on input line 107
05.
LaTeX Font Info:    Setting Carlito-OsF sub-encoding to TS1/3 on input line 107
05.
LaTeX Font Info:    Setting Carlito-TOsF sub-encoding to TS1/3 on input line 10
705.
LaTeX Font Info:    Setting FiraSans-LF sub-encoding to TS1/3 on input line 107
06.
LaTeX Font Info:    Setting FiraSans-TLF sub-encoding to TS1/3 on input line 10
706.
LaTeX Font Info:    Setting FiraSans-OsF sub-encoding to TS1/3 on input line 10
706.
LaTeX Font Info:    Setting FiraSans-TOsF sub-encoding to TS1/3 on input line 1
0706.
LaTeX Font Info:    Setting IBMPlexSans-TLF sub-encoding to TS1/3 on input line
 10707.
LaTeX Font Info:    Setting Merriweather-OsF sub-encoding to TS1/3 on input lin
e 10708.
LaTeX Font Info:    Setting Montserrat-LF sub-encoding to TS1/3 on input line 1
0709.
LaTeX Font Info:    Setting Montserrat-TLF sub-encoding to TS1/3 on input line 
10709.
LaTeX Font Info:    Setting Montserrat-OsF sub-encoding to TS1/3 on input line 
10709.
LaTeX Font Info:    Setting Montserrat-TOsF sub-encoding to TS1/3 on input line
 10709.
LaTeX Font Info:    Setting MontserratAlternates-LF sub-encoding to TS1/3 on in
put line 10710.
LaTeX Font Info:    Setting MontserratAlternates-TLF sub-encoding to TS1/3 on i
nput line 10710.
LaTeX Font Info:    Setting MontserratAlternates-OsF sub-encoding to TS1/3 on i
nput line 10710.
LaTeX Font Info:    Setting MontserratAlternates-TOsF sub-encoding to TS1/3 on 
input line 10710.
LaTeX Font Info:    Setting SourceCodePro-TLF sub-encoding to TS1/3 on input li
ne 10711.
LaTeX Font Info:    Setting SourceCodePro-TOsF sub-encoding to TS1/3 on input l
ine 10712.
LaTeX Font Info:    Setting SourceSansPro-LF sub-encoding to TS1/3 on input lin
e 10713.
LaTeX Font Info:    Setting SourceSansPro-TLF sub-encoding to TS1/3 on input li
ne 10713.
LaTeX Font Info:    Setting SourceSansPro-OsF sub-encoding to TS1/3 on input li
ne 10713.
LaTeX Font Info:    Setting SourceSansPro-TOsF sub-encoding to TS1/3 on input l
ine 10713.
LaTeX Font Info:    Setting SourceSerifPro-LF sub-encoding to TS1/3 on input li
ne 10714.
LaTeX Font Info:    Setting SourceSerifPro-TLF sub-encoding to TS1/3 on input l
ine 10714.
LaTeX Font Info:    Setting SourceSerifPro-OsF sub-encoding to TS1/3 on input l
ine 10714.
LaTeX Font Info:    Setting SourceSerifPro-TOsF sub-encoding to TS1/3 on input 
line 10714.
LaTeX Font Info:    Setting Tinos-TLF sub-encoding to TS1/3 on input line 10715
.
LaTeX Font Info:    Setting AccanthisADFStdNoThree-LF sub-encoding to TS1/4 on 
input line 10716.
LaTeX Font Info:    Setting Cabin-TLF sub-encoding to TS1/4 on input line 10717
.
LaTeX Font Info:    Setting Caladea-TLF sub-encoding to TS1/4 on input line 107
18.
LaTeX Font Info:    Setting Chivo-LF sub-encoding to TS1/4 on input line 10719.

LaTeX Font Info:    Setting Chivo-TLF sub-encoding to TS1/4 on input line 10719
.
LaTeX Font Info:    Setting Chivo-OsF sub-encoding to TS1/4 on input line 10719
.
LaTeX Font Info:    Setting Chivo-TOsF sub-encoding to TS1/4 on input line 1071
9.
LaTeX Font Info:    Setting ClearSans-TLF sub-encoding to TS1/4 on input line 1
0720.
LaTeX Font Info:    Setting Coelacanth-LF sub-encoding to TS1/4 on input line 1
0721.
LaTeX Font Info:    Setting CrimsonPro-LF sub-encoding to TS1/4 on input line 1
0722.
LaTeX Font Info:    Setting CrimsonPro-TLF sub-encoding to TS1/4 on input line 
10722.
LaTeX Font Info:    Setting CrimsonPro-OsF sub-encoding to TS1/4 on input line 
10722.
LaTeX Font Info:    Setting CrimsonPro-TOsF sub-encoding to TS1/4 on input line
 10722.
LaTeX Font Info:    Setting FiraMono-TLF sub-encoding to TS1/4 on input line 10
723.
LaTeX Font Info:    Setting FiraMono-TOsF sub-encoding to TS1/4 on input line 1
0724.
LaTeX Font Info:    Setting Go-TLF sub-encoding to TS1/4 on input line 10725.
LaTeX Font Info:    Setting GoMono-TLF sub-encoding to TS1/4 on input line 1072
6.
LaTeX Font Info:    Setting InriaSans-LF sub-encoding to TS1/4 on input line 10
727.
LaTeX Font Info:    Setting InriaSans-TLF sub-encoding to TS1/4 on input line 1
0727.
LaTeX Font Info:    Setting InriaSans-OsF sub-encoding to TS1/4 on input line 1
0727.
LaTeX Font Info:    Setting InriaSans-TOsF sub-encoding to TS1/4 on input line 
10727.
LaTeX Font Info:    Setting InriaSerif-LF sub-encoding to TS1/4 on input line 1
0728.
LaTeX Font Info:    Setting InriaSerif-TLF sub-encoding to TS1/4 on input line 
10728.
LaTeX Font Info:    Setting InriaSerif-OsF sub-encoding to TS1/4 on input line 
10728.
LaTeX Font Info:    Setting InriaSerif-TOsF sub-encoding to TS1/4 on input line
 10728.
LaTeX Font Info:    Setting LibertinusSans-LF sub-encoding to TS1/4 on input li
ne 10729.
LaTeX Font Info:    Setting LibertinusSans-TLF sub-encoding to TS1/4 on input l
ine 10729.
LaTeX Font Info:    Setting LibertinusSans-OsF sub-encoding to TS1/4 on input l
ine 10729.
LaTeX Font Info:    Setting LibertinusSans-TOsF sub-encoding to TS1/4 on input 
line 10729.
LaTeX Font Info:    Setting LibertinusSerif-LF sub-encoding to TS1/4 on input l
ine 10730.
LaTeX Font Info:    Setting LibertinusSerif-TLF sub-encoding to TS1/4 on input 
line 10730.
LaTeX Font Info:    Setting LibertinusSerif-OsF sub-encoding to TS1/4 on input 
line 10730.
LaTeX Font Info:    Setting LibertinusSerif-TOsF sub-encoding to TS1/4 on input
 line 10730.
LaTeX Font Info:    Setting LibreBodoni-TLF sub-encoding to TS1/4 on input line
 10731.
LaTeX Font Info:    Setting LibreFranklin-TLF sub-encoding to TS1/4 on input li
ne 10732.
LaTeX Font Info:    Setting LinguisticsPro-LF sub-encoding to TS1/4 on input li
ne 10733.
LaTeX Font Info:    Setting LinguisticsPro-OsF sub-encoding to TS1/4 on input l
ine 10734.
LaTeX Font Info:    Setting LinuxBiolinumT-LF sub-encoding to TS1/4 on input li
ne 10735.
LaTeX Font Info:    Setting LinuxBiolinumT-TLF sub-encoding to TS1/4 on input l
ine 10735.
LaTeX Font Info:    Setting LinuxBiolinumT-OsF sub-encoding to TS1/4 on input l
ine 10735.
LaTeX Font Info:    Setting LinuxBiolinumT-TOsF sub-encoding to TS1/4 on input 
line 10735.
LaTeX Font Info:    Setting LinuxLibertineT-LF sub-encoding to TS1/4 on input l
ine 10736.
LaTeX Font Info:    Setting LinuxLibertineT-TLF sub-encoding to TS1/4 on input 
line 10736.
LaTeX Font Info:    Setting LinuxLibertineT-OsF sub-encoding to TS1/4 on input 
line 10736.
LaTeX Font Info:    Setting LinuxLibertineT-TOsF sub-encoding to TS1/4 on input
 line 10736.
LaTeX Font Info:    Setting MerriweatherSans-OsF sub-encoding to TS1/4 on input
 line 10737.
LaTeX Font Info:    Setting MintSpirit-LF sub-encoding to TS1/4 on input line 1
0738.
LaTeX Font Info:    Setting MintSpirit-TLF sub-encoding to TS1/4 on input line 
10738.
LaTeX Font Info:    Setting MintSpirit-OsF sub-encoding to TS1/4 on input line 
10738.
LaTeX Font Info:    Setting MintSpirit-TOsF sub-encoding to TS1/4 on input line
 10738.
LaTeX Font Info:    Setting MintSpiritNoTwo-LF sub-encoding to TS1/4 on input l
ine 10739.
LaTeX Font Info:    Setting MintSpiritNoTwo-TLF sub-encoding to TS1/4 on input 
line 10739.
LaTeX Font Info:    Setting MintSpiritNoTwo-OsF sub-encoding to TS1/4 on input 
line 10739.
LaTeX Font Info:    Setting MintSpiritNoTwo-TOsF sub-encoding to TS1/4 on input
 line 10739.
LaTeX Font Info:    Setting PTMono-TLF sub-encoding to TS1/4 on input line 1074
0.
LaTeX Font Info:    Setting PTSans-TLF sub-encoding to TS1/4 on input line 1074
1.
LaTeX Font Info:    Setting PTSansCaption-TLF sub-encoding to TS1/4 on input li
ne 10742.
LaTeX Font Info:    Setting PTSansNarrow-TLF sub-encoding to TS1/4 on input lin
e 10743.
LaTeX Font Info:    Setting PTSerif-TLF sub-encoding to TS1/4 on input line 107
44.
LaTeX Font Info:    Setting PTSerifCaption-TLF sub-encoding to TS1/4 on input l
ine 10745.
LaTeX Font Info:    Setting Raleway-TLF sub-encoding to TS1/4 on input line 107
46.
LaTeX Font Info:    Setting Raleway-TOsF sub-encoding to TS1/4 on input line 10
747.
LaTeX Font Info:    Setting Roboto-LF sub-encoding to TS1/4 on input line 10748
.
LaTeX Font Info:    Setting Roboto-TLF sub-encoding to TS1/4 on input line 1074
8.
LaTeX Font Info:    Setting Roboto-OsF sub-encoding to TS1/4 on input line 1074
8.
LaTeX Font Info:    Setting Roboto-TOsF sub-encoding to TS1/4 on input line 107
48.
LaTeX Font Info:    Setting RobotoMono-TLF sub-encoding to TS1/4 on input line 
10749.
LaTeX Font Info:    Setting RobotoSlab-TLF sub-encoding to TS1/4 on input line 
10750.
LaTeX Font Info:    Setting Rosario-LF sub-encoding to TS1/4 on input line 1075
1.
LaTeX Font Info:    Setting Rosario-TLF sub-encoding to TS1/4 on input line 107
51.
LaTeX Font Info:    Setting Rosario-OsF sub-encoding to TS1/4 on input line 107
51.
LaTeX Font Info:    Setting Rosario-TOsF sub-encoding to TS1/4 on input line 10
751.
LaTeX Font Info:    Setting SticksTooText-LF sub-encoding to TS1/4 on input lin
e 10752.
LaTeX Font Info:    Setting SticksTooText-TLF sub-encoding to TS1/4 on input li
ne 10752.
LaTeX Font Info:    Setting SticksTooText-OsF sub-encoding to TS1/4 on input li
ne 10752.
LaTeX Font Info:    Setting SticksTooText-TOsF sub-encoding to TS1/4 on input l
ine 10752.
LaTeX Font Info:    Setting UniversalisADFStd-LF sub-encoding to TS1/4 on input
 line 10753.
LaTeX Font Info:    Setting Almendra-OsF sub-encoding to TS1/5 on input line 10
754.
LaTeX Font Info:    Setting Baskervaldx-LF sub-encoding to TS1/5 on input line 
10755.
LaTeX Font Info:    Setting Baskervaldx-TLF sub-encoding to TS1/5 on input line
 10755.
LaTeX Font Info:    Setting Baskervaldx-OsF sub-encoding to TS1/5 on input line
 10755.
LaTeX Font Info:    Setting Baskervaldx-TOsF sub-encoding to TS1/5 on input lin
e 10755.
LaTeX Font Info:    Setting BaskervilleF-LF sub-encoding to TS1/5 on input line
 10756.
LaTeX Font Info:    Setting BaskervilleF-TLF sub-encoding to TS1/5 on input lin
e 10756.
LaTeX Font Info:    Setting BaskervilleF-OsF sub-encoding to TS1/5 on input lin
e 10756.
LaTeX Font Info:    Setting BaskervilleF-TOsF sub-encoding to TS1/5 on input li
ne 10756.
LaTeX Font Info:    Setting Bitter-TLF sub-encoding to TS1/5 on input line 1075
7.
LaTeX Font Info:    Setting Cinzel-LF sub-encoding to TS1/5 on input line 10758
.
LaTeX Font Info:    Setting CinzelDecorative-LF sub-encoding to TS1/5 on input 
line 10759.
LaTeX Font Info:    Setting DejaVuSerif-TLF sub-encoding to TS1/5 on input line
 10760.
LaTeX Font Info:    Setting DejaVuSerifCondensed-TLF sub-encoding to TS1/5 on i
nput line 10761.
LaTeX Font Info:    Setting GilliusADF-LF sub-encoding to TS1/5 on input line 1
0762.
LaTeX Font Info:    Setting GilliusADFCond-LF sub-encoding to TS1/5 on input li
ne 10763.
LaTeX Font Info:    Setting GilliusADFNoTwo-LF sub-encoding to TS1/5 on input l
ine 10764.
LaTeX Font Info:    Setting GilliusADFNoTwoCond-LF sub-encoding to TS1/5 on inp
ut line 10765.
LaTeX Font Info:    Setting LobsterTwo-LF sub-encoding to TS1/5 on input line 1
0766.
LaTeX Font Info:    Setting OldStandard-TLF sub-encoding to TS1/5 on input line
 10767.
LaTeX Font Info:    Setting PlayfairDisplay-TLF sub-encoding to TS1/5 on input 
line 10768.
LaTeX Font Info:    Setting PlayfairDisplay-TOsF sub-encoding to TS1/5 on input
 line 10769.
LaTeX Font Info:    Setting TheanoDidot-TLF sub-encoding to TS1/5 on input line
 10770.
LaTeX Font Info:    Setting TheanoDidot-TOsF sub-encoding to TS1/5 on input lin
e 10771.
LaTeX Font Info:    Setting TheanoModern-TLF sub-encoding to TS1/5 on input lin
e 10772.
LaTeX Font Info:    Setting TheanoModern-TOsF sub-encoding to TS1/5 on input li
ne 10773.
LaTeX Font Info:    Setting TheanoOldStyle-TLF sub-encoding to TS1/5 on input l
ine 10774.
LaTeX Font Info:    Setting TheanoOldStyle-TOsF sub-encoding to TS1/5 on input 
line 10775.
LaTeX Font Info:    Setting Crimson-TLF sub-encoding to TS1/6 on input line 107
76.
LaTeX Font Info:    Setting IBMPlexMono-TLF sub-encoding to TS1/6 on input line
 10777.
LaTeX Font Info:    Setting IBMPlexSerif-TLF sub-encoding to TS1/6 on input lin
e 10778.
LaTeX Font Info:    Setting LibertinusMono-TLF sub-encoding to TS1/6 on input l
ine 10779.
LaTeX Font Info:    Setting LibertinusSerifDisplay-LF sub-encoding to TS1/6 on 
input line 10780.
LaTeX Font Info:    Setting LinuxLibertineDisplayT-LF sub-encoding to TS1/6 on 
input line 10781.
LaTeX Font Info:    Setting LinuxLibertineDisplayT-TLF sub-encoding to TS1/6 on
 input line 10781.
LaTeX Font Info:    Setting LinuxLibertineDisplayT-OsF sub-encoding to TS1/6 on
 input line 10781.
LaTeX Font Info:    Setting LinuxLibertineDisplayT-TOsF sub-encoding to TS1/6 o
n input line 10781.
LaTeX Font Info:    Setting LinuxLibertineMonoT-LF sub-encoding to TS1/6 on inp
ut line 10782.
LaTeX Font Info:    Setting LinuxLibertineMonoT-TLF sub-encoding to TS1/6 on in
put line 10783.
LaTeX Font Info:    Setting Overlock-LF sub-encoding to TS1/6 on input line 107
84.
LaTeX Font Info:    Setting CormorantGaramond-LF sub-encoding to TS1/7 on input
 line 10785.
LaTeX Font Info:    Setting CormorantGaramond-TLF sub-encoding to TS1/7 on inpu
t line 10785.
LaTeX Font Info:    Setting CormorantGaramond-OsF sub-encoding to TS1/7 on inpu
t line 10785.
LaTeX Font Info:    Setting CormorantGaramond-TOsF sub-encoding to TS1/7 on inp
ut line 10785.
LaTeX Font Info:    Setting Heuristica-TLF sub-encoding to TS1/7 on input line 
10786.
LaTeX Font Info:    Setting Heuristica-TOsF sub-encoding to TS1/7 on input line
 10787.
LaTeX Font Info:    Setting IMFELLEnglish-TLF sub-encoding to TS1/7 on input li
ne 10788.
LaTeX Font Info:    Setting LibreBaskerville-TLF sub-encoding to TS1/7 on input
 line 10789.
LaTeX Font Info:    Setting LibreCaslon-LF sub-encoding to TS1/7 on input line 
10790.
LaTeX Font Info:    Setting LibreCaslon-TLF sub-encoding to TS1/7 on input line
 10790.
LaTeX Font Info:    Setting LibreCaslon-OsF sub-encoding to TS1/7 on input line
 10790.
LaTeX Font Info:    Setting LibreCaslon-TOsF sub-encoding to TS1/7 on input lin
e 10790.
LaTeX Font Info:    Setting Marcellus-LF sub-encoding to TS1/7 on input line 10
791.
LaTeX Font Info:    Setting NotoSans-LF sub-encoding to TS1/7 on input line 107
92.
LaTeX Font Info:    Setting NotoSans-TLF sub-encoding to TS1/7 on input line 10
792.
LaTeX Font Info:    Setting NotoSans-OsF sub-encoding to TS1/7 on input line 10
792.
LaTeX Font Info:    Setting NotoSans-TOsF sub-encoding to TS1/7 on input line 1
0792.
LaTeX Font Info:    Setting NotoSansMono-TLF sub-encoding to TS1/7 on input lin
e 10793.
LaTeX Font Info:    Setting NotoSansMono-TOsF sub-encoding to TS1/7 on input li
ne 10794.
LaTeX Font Info:    Setting NotoSerif-LF sub-encoding to TS1/7 on input line 10
795.
LaTeX Font Info:    Setting NotoSerif-TLF sub-encoding to TS1/7 on input line 1
0795.
LaTeX Font Info:    Setting NotoSerif-OsF sub-encoding to TS1/7 on input line 1
0795.
LaTeX Font Info:    Setting NotoSerif-TOsF sub-encoding to TS1/7 on input line 
10795.
LaTeX Font Info:    Setting Quattrocento-TLF sub-encoding to TS1/7 on input lin
e 10796.
LaTeX Font Info:    Setting QuattrocentoSans-TLF sub-encoding to TS1/7 on input
 line 10797.
LaTeX Font Info:    Setting XCharter-TLF sub-encoding to TS1/7 on input line 10
798.
LaTeX Font Info:    Setting XCharter-TOsF sub-encoding to TS1/7 on input line 1
0799.
LaTeX Font Info:    Setting erewhon-LF sub-encoding to TS1/7 on input line 1080
0.
LaTeX Font Info:    Setting erewhon-TLF sub-encoding to TS1/7 on input line 108
00.
LaTeX Font Info:    Setting erewhon-OsF sub-encoding to TS1/7 on input line 108
00.
LaTeX Font Info:    Setting erewhon-TOsF sub-encoding to TS1/7 on input line 10
800.
LaTeX Font Info:    Setting ComicNeue-TLF sub-encoding to TS1/7 on input line 1
0801.
LaTeX Font Info:    Setting ComicNeueAngular-TLF sub-encoding to TS1/7 on input
 line 10802.
LaTeX Font Info:    Setting Forum-LF sub-encoding to TS1/7 on input line 10803.

LaTeX Font Info:    Setting Cochineal-LF sub-encoding to TS1/8 on input line 10
804.
LaTeX Font Info:    Setting Cochineal-TLF sub-encoding to TS1/8 on input line 1
0804.
LaTeX Font Info:    Setting Cochineal-OsF sub-encoding to TS1/8 on input line 1
0804.
LaTeX Font Info:    Setting Cochineal-TOsF sub-encoding to TS1/8 on input line 
10804.
LaTeX Font Info:    Setting AlgolRevived-TLF sub-encoding to TS1/9 on input lin
e 10805.
 page nos., x-ref,
environments, center,
\@rightskip=\skip27
 verbatim,
\@verbvisiblespacebox=\box32
 math definitions,
\jot=\dimen52
\interdisplaylinepenalty=\count133
\rootbox=\box33
LaTeX Info: Redefining \: on input line 11297.
\c@equation=\count134
\@eqcnt=\count135
\@eqpen=\count136
\@centering=\skip28
\topsep=\skip29
\partopsep=\skip30
\itemsep=\skip31
\parsep=\skip32
\@topsep=\skip33
\@topsepadd=\skip34
\@outerparskip=\skip35
\leftmargin=\dimen53
\rightmargin=\dimen54
\listparindent=\dimen55
\itemindent=\dimen56
\labelwidth=\dimen57
\labelsep=\dimen58
\linewidth=\dimen59
\@totalleftmargin=\dimen60
\leftmargini=\dimen61
\leftmarginii=\dimen62
\leftmarginiii=\dimen63
\leftmarginiv=\dimen64
\leftmarginv=\dimen65
\leftmarginvi=\dimen66
\@listdepth=\count137
\@itempenalty=\count138
\@beginparpenalty=\count139
\@endparpenalty=\count140
\@labels=\box34
\par@deathcycles=\count141
\@enumdepth=\count142
\c@enumi=\count143
\c@enumii=\count144
\c@enumiii=\count145
\c@enumiv=\count146
\@itemdepth=\count147
 boxes,
\fboxrule=\dimen67
\fboxsep=\dimen68
\@mplistdepth=\count148
\@mpfootins=\insert254
LaTeX Info: Redefining \underline on input line 11934.
\@gtempa=\dimen69
\@gtempa=\dimen70
\@gtempa=\dimen71
\@gtempa=\dimen72
\@gtempa=\dimen73
\@gtempa=\dimen74
\@gtempa=\dimen75
\@gtempa=\dimen76
\@gtempa=\dimen77
\@gtempa=\dimen78
\@gtempa=\dimen79
\@gtempa=\dimen80
\@gtempa=\dimen81
\@gtempa=\dimen82
\@nxttabmar=\count149
\@curtabmar=\count150
\@curtab=\count151
\@hightab=\count152
\@tabpush=\count153
\@curline=\box35
\@curfield=\box36
\@tabfbox=\box37
\tabbingsep=\dimen83
\@chclass=\count154
\@lastchclass=\count155
\@chnum=\count156
\arraycolsep=\dimen84
\tabcolsep=\dimen85
\arrayrulewidth=\dimen86
\doublerulesep=\dimen87
\@arstrutbox=\box38
\@wholewidth=\dimen88
\@halfwidth=\dimen89
\unitlength=\dimen90
\@picbox=\box39
\@picht=\dimen91
\@ovxx=\dimen92
\@ovyy=\dimen93
\@ovdx=\dimen94
\@ovdy=\dimen95
\@ovro=\dimen96
\@ovri=\dimen97
\@xarg=\count157
\@yarg=\count158
\@yyarg=\count159
\@multicnt=\count160
\@xdim=\dimen98
\@ydim=\dimen99
\@linechar=\box40
\@linelen=\dimen100
\@clnwd=\dimen101
\@clnht=\dimen102
\@dashdim=\dimen103
\@dashbox=\box41
\@dashcnt=\count161
LaTeX Info: Command `\linethickness' is already robust on input line 12723.
LaTeX Info: Command `\thinlines' is already robust on input line 12729.
 title, sectioning,
\@secpenalty=\count162
\c@secnumdepth=\count163
\c@tocdepth=\count164

contents, floats,
\@floatpenalty=\count165
 footnotes,
\footins=\insert253
\c@footnote=\count166
\c@mpfootnote=\count167
\footnotesep=\dimen104
 index, bibliography,
\pkgcls@targetdate=\count168
\l_shipout_box=\box42
\l__shipout_raw_box=\box43
\l__shipout_firstpage_box=\box44
\l_shipout_box_ht_dim=\dimen105
\l_shipout_box_dp_dim=\dimen106
\l_shipout_box_wd_dim=\dimen107
\l_shipout_box_ht_plus_dp_dim=\dimen108
\l__shipout_tmp_box=\box45
\g_shipout_readonly_int=\count169
\g_shipout_totalpages_int=\count170
 output,
\bx@A=\insert252
\bx@B=\insert251
\bx@C=\insert250
\bx@D=\insert249
\bx@E=\insert248
\bx@F=\insert247
\bx@G=\insert246
\bx@H=\insert245
\bx@I=\insert244
\bx@J=\insert243
\bx@K=\insert242
\bx@L=\insert241
\bx@M=\insert240
\bx@N=\insert239
\bx@O=\insert238
\bx@P=\insert237
\bx@Q=\insert236
\bx@R=\insert235
\bx@S=\insert234
\bx@T=\insert233
\bx@U=\insert232
\bx@V=\insert231
\bx@W=\insert230
\bx@X=\insert229
\bx@Y=\insert228
\bx@Z=\insert227
\bx@AA=\insert226
\bx@BB=\insert225
\bx@CC=\insert224
\bx@DD=\insert223
\bx@EE=\insert222
\bx@FF=\insert221
\bx@GG=\insert220
\bx@HH=\insert219
\bx@II=\insert218
\bx@JJ=\insert217
\bx@KK=\insert216
\bx@LL=\insert215
\bx@MM=\insert214
\bx@NN=\insert213
\bx@OO=\insert212
\bx@PP=\insert211
\bx@QQ=\insert210
\bx@RR=\insert209
\bx@SS=\insert208
\bx@TT=\insert207
\bx@UU=\insert206
\bx@VV=\insert205
\bx@WW=\insert204
\bx@XX=\insert203
\bx@YY=\insert202
\bx@ZZ=\insert201
\topmargin=\dimen109
\oddsidemargin=\dimen110
\evensidemargin=\dimen111
\headheight=\dimen112
\headsep=\dimen113
\footskip=\dimen114
\textheight=\dimen115
\textwidth=\dimen116
\columnwidth=\dimen117
\columnsep=\dimen118
\columnseprule=\dimen119
\marginparwidth=\dimen120
\marginparsep=\dimen121
\marginparpush=\dimen122
\@begindvibox=\box46
\@maxdepth=\dimen123
\paperheight=\dimen124
\paperwidth=\dimen125
\col@number=\count171
\@topnum=\count172
\@toproom=\dimen126
\@dbltopnum=\count173
\@dbltoproom=\dimen127
\@botnum=\count174
\@botroom=\dimen128
\@colnum=\count175
\@textmin=\dimen129
\@fpmin=\dimen130
\@colht=\dimen131
\@colroom=\dimen132
\@pageht=\dimen133
\@pagedp=\dimen134
\@mparbottom=\dimen135
\@currtype=\count176
\@outputbox=\box47
\@leftcolumn=\box48
\@holdpg=\box49
\@kludgeins=\insert200
\@fpstype=\count177
\@reqcolroom=\dimen136
\@textfloatsheight=\dimen137
\c@topnumber=\count178
\c@bottomnumber=\count179
\c@totalnumber=\count180
\c@dbltopnumber=\count181
\floatsep=\skip36
\textfloatsep=\skip37
\intextsep=\skip38
\dblfloatsep=\skip39
\dbltextfloatsep=\skip40
\@fptop=\skip41
\@fpsep=\skip42
\@fpbot=\skip43
\@dblfptop=\skip44
\@dblfpsep=\skip45
\@dblfpbot=\skip46
\@lowpenalty=\count182
\@medpenalty=\count183
\@highpenalty=\count184

===========================================
Local configuration file hyphen.cfg used
===========================================
(/usr/share/texmf-dist/tex/generic/babel/hyphen.cfg
File: hyphen.cfg 2022/02/26 3.73 Babel hyphens
\l@english=\language0

(/usr/share/texmf-dist/tex/generic/hyphen/hyphen.tex)
\l@usenglish=\language0
\l@USenglish=\language0
\l@american=\language0
\l@dumylang=\language1

(/usr/share/texmf-dist/tex/generic/hyphen/dumyhyph.tex)
\l@nohyphenation=\language2

(/usr/share/texmf-dist/tex/generic/hyphen/zerohyph.tex)
\l@german-x-2022-03-16=\language3

(/usr/share/texmf-dist/tex/generic/dehyph-exptl/dehypht-x-2022-03-16.tex
dehyph-exptl: using an 8-bit TeX engine.
(/usr/share/texmf-dist/tex/generic/dehyph-exptl/dehypht-x-2022-03-16.pat
German Hyphenation Patterns (Traditional Orthography) `dehypht-x' 2022-03-16 (W
L)))
\l@german-x-latest=\language3
\l@ngerman-x-2022-03-16=\language4
 (/usr/share/texmf-dist/tex/generic/dehyph-exptl/dehyphn-x-2022-03-16.tex
dehyph-exptl: using an 8-bit TeX engine.
(/usr/share/texmf-dist/tex/generic/dehyph-exptl/dehyphn-x-2022-03-16.pat
German Hyphenation Patterns (Reformed Orthography, 2006) `dehyphn-x' 2022-03-16
 (WL)))
\l@ngerman-x-latest=\language4
\l@afrikaans=\language5
 (/usr/share/texmf-dist/tex/generic/hyph-utf8/loadhyph/loadhyph-af.tex
EC Afrikaans hyphenation patterns
(/usr/share/texmf-dist/tex/generic/hyph-utf8/conversions/conv-utf8-ec.tex)
(/usr/share/texmf-dist/tex/generic/hyph-utf8/patterns/tex/hyph-af.tex))
\l@ancientgreek=\language6

(/usr/share/texmf-dist/tex/generic/hyph-utf8/loadhyph/loadhyph-grc.tex
Hyphenation patterns for Ancient Greek
(/usr/share/texmf-dist/tex/generic/hyphen/grahyph5.tex
Hyphenation patterns for Ancient Greek))
\l@ibycus=\language7

(/usr/share/texmf-dist/tex/generic/hyphen/ibyhyph.tex
Greek hyphenation patterns for Ibycus encoding, v3.0)
\l@arabic=\language8

(/usr/share/texmf-dist/tex/generic/hyphen/zerohyph.tex)
\l@armenian=\language9

(/usr/share/texmf-dist/tex/generic/hyph-utf8/loadhyph/loadhyph-hy.tex
No Armenian hyphenation patterns - only for Unicode engines)
\l@basque=\language10

(/usr/share/texmf-dist/tex/generic/hyph-utf8/loadhyph/loadhyph-eu.tex
EC Basque hyphenation patterns
(/usr/share/texmf-dist/tex/generic/hyph-utf8/conversions/conv-utf8-ec.tex)
(/usr/share/texmf-dist/tex/generic/hyph-utf8/patterns/tex/hyph-eu.tex))
\l@belarusian=\language11

(/usr/share/texmf-dist/tex/generic/hyph-utf8/loadhyph/loadhyph-be.tex
T2A Belarusian hyphenation patterns
(/usr/share/texmf-dist/tex/generic/hyph-utf8/conversions/conv-utf8-t2a.tex)
(/usr/share/texmf-dist/tex/generic/hyph-utf8/patterns/tex/hyph-be.tex))
\l@bulgarian=\language12

(/usr/share/texmf-dist/tex/generic/hyph-utf8/loadhyph/loadhyph-bg.tex
T2A Bulgarian hyphenation patterns
(/usr/share/texmf-dist/tex/generic/hyph-utf8/conversions/conv-utf8-t2a.tex)
(/usr/share/texmf-dist/tex/generic/hyph-utf8/patterns/tex/hyph-bg.tex
Bulgarian hyphenation patterns (options: --safe-morphology --standalone-tex, ve
rsion 21 October 2017)))
\l@catalan=\language13

(/usr/share/texmf-dist/tex/generic/hyph-utf8/loadhyph/loadhyph-ca.tex
EC Catalan hyphenation patterns
(/usr/share/texmf-dist/tex/generic/hyph-utf8/conversions/conv-utf8-ec.tex)
(/usr/share/texmf-dist/tex/generic/hyph-utf8/patterns/tex/hyph-ca.tex))
\l@pinyin=\language14

(/usr/share/texmf-dist/tex/generic/hyph-utf8/loadhyph/loadhyph-zh-latn-pinyin.t
ex EC Pinyin Hyphenation Patterns (with tone markers) 2018-11-25 (WL)
(/usr/share/texmf-dist/tex/generic/hyph-utf8/patterns/ptex/hyph-zh-latn-pinyin.
ec.tex))
\l@churchslavonic=\language15
 (/usr/share/texmf-dist/tex/generic/hyph-utf8/loadhyph/loadhyph-cu.tex
No Church Slavonic hyphenation patterns - only for Unicode engines)
\l@coptic=\language16

(/usr/share/texmf-dist/tex/generic/hyph-utf8/loadhyph/loadhyph-cop.tex
Coptic hyphenation patterns
(/usr/share/texmf-dist/tex/generic/hyph-utf8/patterns/tex-8bit/copthyph.tex))
\l@croatian=\language17

(/usr/share/texmf-dist/tex/generic/hyph-utf8/loadhyph/loadhyph-hr.tex
EC Croatian hyphenation patterns
(/usr/share/texmf-dist/tex/generic/hyph-utf8/conversions/conv-utf8-ec.tex)
(/usr/share/texmf-dist/tex/generic/hyph-utf8/patterns/tex/hyph-hr.tex))
\l@czech=\language18

(/usr/share/texmf-dist/tex/generic/hyph-utf8/loadhyph/loadhyph-cs.tex
EC Czech hyphenation patterns
(/usr/share/texmf-dist/tex/generic/hyph-utf8/conversions/conv-utf8-ec.tex)
(/usr/share/texmf-dist/tex/generic/hyph-utf8/patterns/tex/hyph-cs.tex))
\l@danish=\language19

(/usr/share/texmf-dist/tex/generic/hyph-utf8/loadhyph/loadhyph-da.tex
EC Danish hyphenation patterns
(/usr/share/texmf-dist/tex/generic/hyph-utf8/conversions/conv-utf8-ec.tex)
(/usr/share/texmf-dist/tex/generic/hyph-utf8/patterns/tex/hyph-da.tex))
\l@dutch=\language20

(/usr/share/texmf-dist/tex/generic/hyph-utf8/loadhyph/loadhyph-nl.tex
EC Dutch hyphenation patterns
(/usr/share/texmf-dist/tex/generic/hyph-utf8/conversions/conv-utf8-ec.tex)
(/usr/share/texmf-dist/tex/generic/hyph-utf8/patterns/tex/hyph-nl.tex))
\l@ukenglish=\language21

(/usr/share/texmf-dist/tex/generic/hyph-utf8/loadhyph/loadhyph-en-gb.tex
ASCII Hyphenation patterns for British English
(/usr/share/texmf-dist/tex/generic/hyph-utf8/patterns/tex/hyph-en-gb.tex))
\l@british=\language21
\l@UKenglish=\language21
\l@usenglishmax=\language22

(/usr/share/texmf-dist/tex/generic/hyph-utf8/loadhyph/loadhyph-en-us.tex
ASCII Hyphenation patterns for American English
(/usr/share/texmf-dist/tex/generic/hyph-utf8/patterns/tex/hyph-en-us.tex))
\l@esperanto=\language23

(/usr/share/texmf-dist/tex/generic/hyph-utf8/loadhyph/loadhyph-eo.tex
IL3 Esperanto hyphenation patterns
(/usr/share/texmf-dist/tex/generic/hyph-utf8/conversions/conv-utf8-il3.tex)
(/usr/share/texmf-dist/tex/generic/hyph-utf8/patterns/tex/hyph-eo.tex))
\l@estonian=\language24

(/usr/share/texmf-dist/tex/generic/hyph-utf8/loadhyph/loadhyph-et.tex
EC Estonian hyphenation patterns
(/usr/share/texmf-dist/tex/generic/hyph-utf8/conversions/conv-utf8-ec.tex)
(/usr/share/texmf-dist/tex/generic/hyph-utf8/patterns/tex/hyph-et.tex))
\l@ethiopic=\language25

(/usr/share/texmf-dist/tex/generic/hyph-utf8/loadhyph/loadhyph-mul-ethi.tex
No Pan-Ethiopic hyphenation patterns - only for Unicode engines)
\l@amharic=\language25
\l@geez=\language25
\l@farsi=\language26

(/usr/share/texmf-dist/tex/generic/hyphen/zerohyph.tex)
\l@persian=\language26
\l@finnish=\language27

(/usr/share/texmf-dist/tex/generic/hyph-utf8/loadhyph/loadhyph-fi.tex
EC Finnish hyphenation patterns
(/usr/share/texmf-dist/tex/generic/hyph-utf8/conversions/conv-utf8-ec.tex)
(/usr/share/texmf-dist/tex/generic/hyph-utf8/patterns/tex/hyph-fi.tex))
\l@schoolfinnish=\language28

(/usr/share/texmf-dist/tex/generic/hyph-utf8/loadhyph/loadhyph-fi-x-school.tex
EC Finnish hyphenation patterns for school
(/usr/share/texmf-dist/tex/generic/hyph-utf8/conversions/conv-utf8-ec.tex)
(/usr/share/texmf-dist/tex/generic/hyph-utf8/patterns/tex/hyph-fi-x-school.tex)
)
\l@french=\language29
 (/usr/share/texmf-dist/tex/generic/hyph-utf8/loadhyph/loadhyph-fr.tex
EC French hyphenation patterns
(/usr/share/texmf-dist/tex/generic/hyph-utf8/conversions/conv-utf8-ec.tex)
(/usr/share/texmf-dist/tex/generic/hyph-utf8/patterns/tex/hyph-fr.tex))
\l@patois=\language29
\l@francais=\language29
\l@friulan=\language30

(/usr/share/texmf-dist/tex/generic/hyph-utf8/loadhyph/loadhyph-fur.tex
EC Friulan hyphenation patterns
(/usr/share/texmf-dist/tex/generic/hyph-utf8/conversions/conv-utf8-ec.tex)
(/usr/share/texmf-dist/tex/generic/hyph-utf8/patterns/tex/hyph-fur.tex))
\l@galician=\language31

(/usr/share/texmf-dist/tex/generic/hyph-utf8/loadhyph/loadhyph-gl.tex
EC Galician hyphenation patterns
(/usr/share/texmf-dist/tex/generic/hyph-utf8/conversions/conv-utf8-ec.tex)
(/usr/share/texmf-dist/tex/generic/hyph-utf8/patterns/tex/hyph-gl.tex))
\l@georgian=\language32

(/usr/share/texmf-dist/tex/generic/hyph-utf8/loadhyph/loadhyph-ka.tex
T8M Georgian hyphenation patterns
(/usr/share/texmf-dist/tex/generic/hyph-utf8/conversions/conv-utf8-t8m.tex)
(/usr/share/texmf-dist/tex/generic/hyph-utf8/patterns/tex/hyph-ka.tex))
\l@german=\language33

(/usr/share/texmf-dist/tex/generic/hyph-utf8/loadhyph/loadhyph-de-1901.tex
EC German hyphenation patterns (traditional orthography)
(/usr/share/texmf-dist/tex/generic/dehyph/dehypht.tex
German Traditional Hyphenation Patterns `dehypht' Version 3.2a <1999/03/03>
(Formerly known under the name `ghyph31' and `ghyphen'.)))
\l@ngerman=\language34

(/usr/share/texmf-dist/tex/generic/hyph-utf8/loadhyph/loadhyph-de-1996.tex
EC German hyphenation patterns (reformed orthography)
(/usr/share/texmf-dist/tex/generic/dehyph/dehyphn.tex
New German Hyphenation Patterns `dehyphn' Rev.31 <2001-05-07> (WaS)))
\l@swissgerman=\language35

(/usr/share/texmf-dist/tex/generic/hyph-utf8/loadhyph/loadhyph-de-ch-1901.tex
EC Swiss-German hyphenation patterns (traditional orthography)
(/usr/share/texmf-dist/tex/generic/hyph-utf8/conversions/conv-utf8-ec.tex)
(/usr/share/texmf-dist/tex/generic/hyph-utf8/patterns/tex/hyph-de-ch-1901.tex
Swiss-German Hyphenation Patterns (Traditional Orthography) `dehyphts-x' 2021-0
2-26 (WL)))
\l@greek=\language36

(/usr/share/texmf-dist/tex/generic/hyph-utf8/loadhyph/loadhyph-el-polyton.tex
Hyphenation patterns for multi-accent (polytonic) Modern Greek
(/usr/share/texmf-dist/tex/generic/hyphen/grphyph5.tex
Hyphenation patterns for multi-accent (polytonic) Modern Greek))
\l@polygreek=\language36
\l@monogreek=\language37

(/usr/share/texmf-dist/tex/generic/hyph-utf8/loadhyph/loadhyph-el-monoton.tex
Hyphenation patterns for uni-accent (monotonic) Modern Greek
(/usr/share/texmf-dist/tex/generic/hyphen/grmhyph5.tex
Hyphenation patterns for uni-accent (monotonic) Modern Greek))
\l@hungarian=\language38

(/usr/share/texmf-dist/tex/generic/hyph-utf8/loadhyph/loadhyph-hu.tex
EC Hungarian hyphenation patterns
(/usr/share/texmf-dist/tex/generic/hyph-utf8/conversions/conv-utf8-ec.tex)
(/usr/share/texmf-dist/tex/generic/hyph-utf8/patterns/tex/hyph-hu.tex))
\l@icelandic=\language39

(/usr/share/texmf-dist/tex/generic/hyph-utf8/loadhyph/loadhyph-is.tex
EC Icelandic hyphenation patterns
(/usr/share/texmf-dist/tex/generic/hyph-utf8/conversions/conv-utf8-ec.tex)
(/usr/share/texmf-dist/tex/generic/hyph-utf8/patterns/tex/hyph-is.tex))
\l@assamese=\language40

(/usr/share/texmf-dist/tex/generic/hyph-utf8/loadhyph/loadhyph-as.tex
No Assamese hyphenation patterns - only for Unicode engines)
\l@bengali=\language41

(/usr/share/texmf-dist/tex/generic/hyph-utf8/loadhyph/loadhyph-bn.tex
No Bengali hyphenation patterns - only for Unicode engines)
\l@gujarati=\language42

(/usr/share/texmf-dist/tex/generic/hyph-utf8/loadhyph/loadhyph-gu.tex
No Gujarati hyphenation patterns - only for Unicode engines)
\l@hindi=\language43

(/usr/share/texmf-dist/tex/generic/hyph-utf8/loadhyph/loadhyph-hi.tex
No Hindi hyphenation patterns - only for Unicode engines)
\l@kannada=\language44

(/usr/share/texmf-dist/tex/generic/hyph-utf8/loadhyph/loadhyph-kn.tex
No Kannada hyphenation patterns - only for Unicode engines)
\l@malayalam=\language45

(/usr/share/texmf-dist/tex/generic/hyph-utf8/loadhyph/loadhyph-ml.tex
No Malayalam hyphenation patterns - only for Unicode engines)
\l@marathi=\language46

(/usr/share/texmf-dist/tex/generic/hyph-utf8/loadhyph/loadhyph-mr.tex
No Marathi hyphenation patterns - only for Unicode engines)
\l@oriya=\language47

(/usr/share/texmf-dist/tex/generic/hyph-utf8/loadhyph/loadhyph-or.tex
No Oriya hyphenation patterns - only for Unicode engines)
\l@pali=\language48

(/usr/share/texmf-dist/tex/generic/hyph-utf8/loadhyph/loadhyph-pi.tex
No Pali hyphenation patterns - only for Unicode engines)
\l@panjabi=\language49

(/usr/share/texmf-dist/tex/generic/hyph-utf8/loadhyph/loadhyph-pa.tex
No Panjabi hyphenation patterns - only for Unicode engines)
\l@tamil=\language50

(/usr/share/texmf-dist/tex/generic/hyph-utf8/loadhyph/loadhyph-ta.tex
No Tamil hyphenation patterns - only for Unicode engines)
\l@telugu=\language51

(/usr/share/texmf-dist/tex/generic/hyph-utf8/loadhyph/loadhyph-te.tex
No Telugu hyphenation patterns - only for Unicode engines)
\l@indonesian=\language52

(/usr/share/texmf-dist/tex/generic/hyph-utf8/loadhyph/loadhyph-id.tex
ASCII Indonesian hyphenation patterns
(/usr/share/texmf-dist/tex/generic/hyph-utf8/patterns/tex/hyph-id.tex))
\l@interlingua=\language53

(/usr/share/texmf-dist/tex/generic/hyph-utf8/loadhyph/loadhyph-ia.tex
ASCII Hyphenation patterns for Interlingua
(/usr/share/texmf-dist/tex/generic/hyph-utf8/patterns/tex/hyph-ia.tex))
\l@irish=\language54

(/usr/share/texmf-dist/tex/generic/hyph-utf8/loadhyph/loadhyph-ga.tex
EC Irish hyphenation patterns
(/usr/share/texmf-dist/tex/generic/hyph-utf8/conversions/conv-utf8-ec.tex)
(/usr/share/texmf-dist/tex/generic/hyph-utf8/patterns/tex/hyph-ga.tex))
\l@italian=\language55

(/usr/share/texmf-dist/tex/generic/hyph-utf8/loadhyph/loadhyph-it.tex
ASCII Italian hyphenation patterns
(/usr/share/texmf-dist/tex/generic/hyph-utf8/patterns/tex/hyph-it.tex))
\l@kurmanji=\language56

(/usr/share/texmf-dist/tex/generic/hyph-utf8/loadhyph/loadhyph-kmr.tex
EC Kurmanji hyphenation patterns
(/usr/share/texmf-dist/tex/generic/hyph-utf8/conversions/conv-utf8-ec.tex)
(/usr/share/texmf-dist/tex/generic/hyph-utf8/patterns/tex/hyph-kmr.tex))
\l@classiclatin=\language57

(/usr/share/texmf-dist/tex/generic/hyph-utf8/loadhyph/loadhyph-la-x-classic.tex
EC Classical Latin hyphenation patterns, v.2.0 2019-07-03
(/usr/share/texmf-dist/tex/generic/hyph-utf8/patterns/tex-8bit/hyph-la-x-classi
c.ec.tex))
\l@latin=\language58

(/usr/share/texmf-dist/tex/generic/hyph-utf8/loadhyph/loadhyph-la.tex
EC Latin hyphenation patterns
(/usr/share/texmf-dist/tex/generic/hyph-utf8/conversions/conv-utf8-ec.tex)
(/usr/share/texmf-dist/tex/generic/hyph-utf8/patterns/tex/hyph-la.tex))
\l@liturgicallatin=\language59

(/usr/share/texmf-dist/tex/generic/hyph-utf8/loadhyph/loadhyph-la-x-liturgic.te
x EC Liturgical Latin hyphenation patterns
(/usr/share/texmf-dist/tex/generic/hyph-utf8/patterns/ptex/hyph-la-x-liturgic.e
c.tex))
\l@latvian=\language60
 (/usr/share/texmf-dist/tex/generic/hyph-utf8/loadhyph/loadhyph-lv.tex
L7X Latvian hyphenation patterns
(/usr/share/texmf-dist/tex/generic/hyph-utf8/conversions/conv-utf8-l7x.tex)
(/usr/share/texmf-dist/tex/generic/hyph-utf8/patterns/tex/hyph-lv.tex))
\l@lithuanian=\language61

(/usr/share/texmf-dist/tex/generic/hyph-utf8/loadhyph/loadhyph-lt.tex
L7X Lithuanian hyphenation patterns
(/usr/share/texmf-dist/tex/generic/hyph-utf8/conversions/conv-utf8-l7x.tex)
(/usr/share/texmf-dist/tex/generic/hyph-utf8/patterns/tex/hyph-lt.tex))
\l@macedonian=\language62

(/usr/share/texmf-dist/tex/generic/hyph-utf8/loadhyph/loadhyph-mk.tex
MACEDONIAN Macedonian hyphenation patterns
(/usr/share/texmf-dist/tex/generic/hyph-utf8/patterns/tex-8bit/hyph-mk.macedoni
an.tex))
\l@mongolian=\language63

(/usr/share/texmf-dist/tex/generic/hyph-utf8/loadhyph/loadhyph-mn-cyrl.tex
T2A (New) Mongolian hyphenation patterns
(/usr/share/texmf-dist/tex/generic/hyph-utf8/conversions/conv-utf8-t2a.tex)
(/usr/share/texmf-dist/tex/generic/hyph-utf8/patterns/tex/hyph-mn-cyrl.tex))
\l@mongolianlmc=\language64

(/usr/share/texmf-dist/tex/generic/hyph-utf8/loadhyph/loadhyph-mn-cyrl-x-lmc.te
x LMC Mongolian hyphenation patterns
(/usr/share/texmf-dist/tex/generic/hyph-utf8/conversions/conv-utf8-lmc.tex)
(/usr/share/texmf-dist/tex/generic/hyph-utf8/patterns/tex/hyph-mn-cyrl-x-lmc.te
x))
\l@bokmal=\language65
 (/usr/share/texmf-dist/tex/generic/hyph-utf8/loadhyph/loadhyph-nb.tex
EC Norwegian Bokmal hyphenation patterns
(/usr/share/texmf-dist/tex/generic/hyph-utf8/conversions/conv-utf8-ec.tex)
(/usr/share/texmf-dist/tex/generic/hyph-utf8/patterns/tex/hyph-nb.tex
(/usr/share/texmf-dist/tex/generic/hyph-utf8/patterns/tex/hyph-no.tex)))
\l@norwegian=\language65
\l@norsk=\language65
\l@nynorsk=\language66

(/usr/share/texmf-dist/tex/generic/hyph-utf8/loadhyph/loadhyph-nn.tex
EC Norwegian Nynorsk hyphenation patterns
(/usr/share/texmf-dist/tex/generic/hyph-utf8/conversions/conv-utf8-ec.tex)
(/usr/share/texmf-dist/tex/generic/hyph-utf8/patterns/tex/hyph-nn.tex
(/usr/share/texmf-dist/tex/generic/hyph-utf8/patterns/tex/hyph-no.tex)))
\l@occitan=\language67

(/usr/share/texmf-dist/tex/generic/hyph-utf8/loadhyph/loadhyph-oc.tex
EC Occitan hyphenation patterns
(/usr/share/texmf-dist/tex/generic/hyph-utf8/conversions/conv-utf8-ec.tex)
(/usr/share/texmf-dist/tex/generic/hyph-utf8/patterns/tex/hyph-oc.tex))
\l@piedmontese=\language68

(/usr/share/texmf-dist/tex/generic/hyph-utf8/loadhyph/loadhyph-pms.tex
ASCII Piedmontese hyphenation patterns
(/usr/share/texmf-dist/tex/generic/hyph-utf8/patterns/tex/hyph-pms.tex))
\l@polish=\language69

(/usr/share/texmf-dist/tex/generic/hyph-utf8/loadhyph/loadhyph-pl.tex
QX Polish hyphenation patterns
(/usr/share/texmf-dist/tex/generic/hyph-utf8/conversions/conv-utf8-qx.tex)
(/usr/share/texmf-dist/tex/generic/hyph-utf8/patterns/tex/hyph-pl.tex))
\l@portuguese=\language70

(/usr/share/texmf-dist/tex/generic/hyph-utf8/loadhyph/loadhyph-pt.tex
EC Portuguese hyphenation patterns
(/usr/share/texmf-dist/tex/generic/hyph-utf8/conversions/conv-utf8-ec.tex)
(/usr/share/texmf-dist/tex/generic/hyph-utf8/patterns/tex/hyph-pt.tex))
\l@portuges=\language70
\l@romanian=\language71

(/usr/share/texmf-dist/tex/generic/hyph-utf8/loadhyph/loadhyph-ro.tex
EC Romanian hyphenation patterns
(/usr/share/texmf-dist/tex/generic/hyph-utf8/conversions/conv-utf8-ec.tex)
(/usr/share/texmf-dist/tex/generic/hyph-utf8/patterns/tex/hyph-ro.tex))
\l@romansh=\language72

(/usr/share/texmf-dist/tex/generic/hyph-utf8/loadhyph/loadhyph-rm.tex
ASCII Romansh hyphenation patterns
(/usr/share/texmf-dist/tex/generic/hyph-utf8/patterns/tex/hyph-rm.tex))
\l@russian=\language73

(/usr/share/texmf-dist/tex/generic/hyph-utf8/loadhyph/loadhyph-ru.tex
T2A Russian hyphenation patterns
(/usr/share/texmf-dist/tex/generic/ruhyphen/ruhyphen.tex
(/usr/share/texmf-dist/tex/generic/ruhyphen/catkoi.tex)
(/usr/share/texmf-dist/tex/generic/ruhyphen/koi2t2a.tex)
(/usr/share/texmf-dist/tex/generic/ruhyphen/ruhyphal.tex)
(/usr/share/texmf-dist/tex/generic/ruhyphen/cyryoal.tex)
(/usr/share/texmf-dist/tex/generic/ruhyphen/hypht2.tex)))
\l@sanskrit=\language74

(/usr/share/texmf-dist/tex/generic/hyph-utf8/loadhyph/loadhyph-sa.tex
No Sanskrit hyphenation patterns - only for Unicode engines)
\l@serbian=\language75

(/usr/share/texmf-dist/tex/generic/hyph-utf8/loadhyph/loadhyph-sr-latn.tex
EC Serbian hyphenation patterns in Latin script
(/usr/share/texmf-dist/tex/generic/hyph-utf8/conversions/conv-utf8-ec.tex)
(/usr/share/texmf-dist/tex/generic/hyph-utf8/patterns/tex/hyph-sh-latn.tex))
\l@serbianc=\language76

(/usr/share/texmf-dist/tex/generic/hyph-utf8/loadhyph/loadhyph-sr-cyrl.tex
T2A Serbian hyphenation patterns in Cyrillic script
(/usr/share/texmf-dist/tex/generic/hyph-utf8/conversions/conv-utf8-t2a.tex)
(/usr/share/texmf-dist/tex/generic/hyph-utf8/patterns/tex/hyph-sh-cyrl.tex))
\l@slovak=\language77

(/usr/share/texmf-dist/tex/generic/hyph-utf8/loadhyph/loadhyph-sk.tex
EC Slovak hyphenation patterns
(/usr/share/texmf-dist/tex/generic/hyph-utf8/conversions/conv-utf8-ec.tex)
(/usr/share/texmf-dist/tex/generic/hyph-utf8/patterns/tex/hyph-sk.tex))
\l@slovenian=\language78

(/usr/share/texmf-dist/tex/generic/hyph-utf8/loadhyph/loadhyph-sl.tex
EC Slovenian hyphenation patterns
(/usr/share/texmf-dist/tex/generic/hyph-utf8/conversions/conv-utf8-ec.tex)
(/usr/share/texmf-dist/tex/generic/hyph-utf8/patterns/tex/hyph-sl.tex))
\l@slovene=\language78
\l@spanish=\language79

(/usr/share/texmf-dist/tex/generic/hyph-utf8/loadhyph/loadhyph-es.tex
EC Spanish hyphenation patterns
(/usr/share/texmf-dist/tex/generic/hyph-utf8/conversions/conv-utf8-ec.tex)
(/usr/share/texmf-dist/tex/generic/hyph-utf8/patterns/tex/hyph-es.tex))
\l@espanol=\language79
\l@swedish=\language80

(/usr/share/texmf-dist/tex/generic/hyph-utf8/loadhyph/loadhyph-sv.tex
EC Swedish hyphenation patterns
(/usr/share/texmf-dist/tex/generic/hyph-utf8/conversions/conv-utf8-ec.tex)
(/usr/share/texmf-dist/tex/generic/hyph-utf8/patterns/tex/hyph-sv.tex))
\l@thai=\language81

(/usr/share/texmf-dist/tex/generic/hyph-utf8/loadhyph/loadhyph-th.tex
LTH Thai hyphenation patterns
(/usr/share/texmf-dist/tex/generic/hyph-utf8/conversions/conv-utf8-lth.tex)
(/usr/share/texmf-dist/tex/generic/hyph-utf8/patterns/tex/hyph-th.tex))
\l@turkish=\language82

(/usr/share/texmf-dist/tex/generic/hyph-utf8/loadhyph/loadhyph-tr.tex
EC Turkish hyphenation patterns
(/usr/share/texmf-dist/tex/generic/hyph-utf8/conversions/conv-utf8-ec.tex)
(/usr/share/texmf-dist/tex/generic/hyph-utf8/patterns/tex/hyph-tr.tex))
\l@turkmen=\language83

(/usr/share/texmf-dist/tex/generic/hyph-utf8/loadhyph/loadhyph-tk.tex
EC Turkmen hyphenation patterns
(/usr/share/texmf-dist/tex/generic/hyph-utf8/conversions/conv-utf8-ec.tex)
(/usr/share/texmf-dist/tex/generic/hyph-utf8/patterns/tex/hyph-tk.tex))
\l@ukrainian=\language84

(/usr/share/texmf-dist/tex/generic/hyph-utf8/loadhyph/loadhyph-uk.tex
T2A Ukrainian hyphenation patterns
(/usr/share/texmf-dist/tex/generic/ukrhyph/ukrhyph.tex
Ukrainian hyphenation patterns in t2a encoding
(/usr/share/texmf-dist/tex/generic/ukrhyph/catlcy.tex)
(/usr/share/texmf-dist/tex/generic/ukrhyph/lcy2t2a.tex)
(/usr/share/texmf-dist/tex/generic/ukrhyph/ukrhypmp.tex)
(/usr/share/texmf-dist/tex/generic/ruhyphen/hypht2.tex)))
\l@uppersorbian=\language85

(/usr/share/texmf-dist/tex/generic/hyph-utf8/loadhyph/loadhyph-hsb.tex
EC Upper Sorbian hyphenation patterns
(/usr/share/texmf-dist/tex/generic/hyph-utf8/conversions/conv-utf8-ec.tex)
(/usr/share/texmf-dist/tex/generic/hyph-utf8/patterns/tex/hyph-hsb.tex))
\l@welsh=\language86

(/usr/share/texmf-dist/tex/generic/hyph-utf8/loadhyph/loadhyph-cy.tex
EC Welsh hyphenation patterns
(/usr/share/texmf-dist/tex/generic/hyph-utf8/conversions/conv-utf8-ec.tex)
(/usr/share/texmf-dist/tex/generic/hyph-utf8/patterns/tex/hyph-cy.tex)))
(/usr/share/texmf-dist/tex/generic/pdftex/glyphtounicode.tex)
(/usr/share/texmf-dist/tex/latex/firstaid/latex2e-first-aid-for-external-files.
ltx
File: latex2e-first-aid-for-external-files.ltx 2021/11/11 v1.0q LaTeX kernel fi
xes to external files and packages
)
 ) )
Beginning to dump on file mllatex.fmt
 (preloaded format=mllatex 2023.2.4)
21352 strings of total length 396166
287240 memory locations dumped; current usage is 165&282618
17955 multiletter control sequences
\font\nullfont=nullfont
\font\c__fp_exp_intarray=cmr10 at 0.00002pt
\font\c__fp_trig_intarray=cmr10 at 0.00003pt
\font\c_initex_cctab=cmr10 at 0.00005pt
\font\c_other_cctab=cmr10 at 0.00006pt
\font\c_str_cctab=cmr10 at 0.00008pt
\font\g__regex_state_active_intarray=cmr10 at 0.00009pt
\font\g__regex_thread_info_intarray=cmr10 at 0.0001pt
\font\g__regex_submatch_prev_intarray=cmr10 at 0.00012pt
\font\g__regex_submatch_begin_intarray=cmr10 at 0.00014pt
\font\g__regex_submatch_end_intarray=cmr10 at 0.00015pt
\font\g__regex_submatch_case_intarray=cmr10 at 0.00017pt
\font\g__regex_balance_intarray=cmr10 at 0.00018pt
\font\OMX/cmex/m/n/10=cmex10
\font\tenln=line10
\font\tenlnw=linew10
\font\tencirc=lcircle10
\font\tencircw=lcirclew10
\font\OT1/cmr/m/n/5=cmr5
\font\OT1/cmr/m/n/7=cmr7
\font\OT1/cmr/m/n/10=cmr10
\font\OML/cmm/m/it/5=cmmi5
\font\OML/cmm/m/it/7=cmmi7
\font\OML/cmm/m/it/10=cmmi10
\font\OMS/cmsy/m/n/5=cmsy5
\font\OMS/cmsy/m/n/7=cmsy7
\font\OMS/cmsy/m/n/10=cmsy10
\font\c_code_cctab=cmr10 at 0.0002pt
\font\c_document_cctab=cmr10 at 0.00021pt
469252 words of font info for 28 preloaded fonts
1141 hyphenation exceptions
Hyphenation trie of length 427569 has 8835 ops out of 35111
  143 for language 86
  110 for language 85
  138 for language 84
  7 for language 83
  12 for language 82
  53 for language 81
  127 for language 80
  195 for language 79
  71 for language 78
  248 for language 77
  62 for language 76
  66 for language 75
  119 for language 73
  43 for language 72
  58 for language 71
  7 for language 70
  194 for language 69
  37 for language 68
  23 for language 67
  852 for language 66
  852 for language 65
  21 for language 64
  38 for language 63
  38 for language 62
  77 for language 61
  58 for language 60
  206 for language 59
  25 for language 58
  216 for language 57
  27 for language 56
  37 for language 55
  229 for language 54
  38 for language 53
  21 for language 52
  147 for language 39
  185 for language 38
  18 for language 37
  50 for language 36
  420 for language 35
  235 for language 34
  207 for language 33
  39 for language 32
  76 for language 31
  40 for language 30
  89 for language 29
  6 for language 28
  31 for language 27
  113 for language 24
  145 for language 23
  377 for language 22
  224 for language 21
  265 for language 20
  60 for language 19
  63 for language 18
  19 for language 17
  14 for language 16
  3 for language 14
  21 for language 13
  54 for language 12
  36 for language 11
  5 for language 10
  148 for language 7
  97 for language 6
  137 for language 5
  438 for language 4
  442 for language 3
  2 for language 1
  181 for language 0
0 words of pdfTeX memory
0 indirect objects
No pages of output.
