This is HiTeX, Version 3.141592653, HINT version 1.4 (INITEX)  4 FEB 2023 01:43
entering extended mode
entering Prote mode
**hitex.ini 
(hitex.ini (etex.src (plain.tex Preloading the plain format: codes, registers,
\maxdimen=\dimen10
\hideskip=\skip10
\centering=\skip11
\p@=\dimen11
\z@=\dimen12
\z@skip=\skip12
\voidb@x=\box10

parameters,
\smallskipamount=\skip13
\medskipamount=\skip14
\bigskipamount=\skip15
\normalbaselineskip=\skip16
\normallineskip=\skip17
\normallineskiplimit=\dimen13
\jot=\dimen14
\interdisplaylinepenalty=\count23
\interfootnotelinepenalty=\count24
 fonts, more fonts,
\itfam=\fam4
\slfam=\fam5
\bffam=\fam6
\ttfam=\fam7
 macros,
\strutbox=\box11
\mscount=\count25
\tabs=\box12
\tabsyet=\box13
\tabsdone=\box14
 math definitions,
\rootbox=\box15
\p@renwd=\dimen15
 output routines,
\headline=\toks10
\footline=\toks11
\footins=\insert254
\topins=\insert253

hyphenation (hyphen.tex [skipping from \patterns to end-of-file...]))
\et@xinput=\read0
\et@xtoks=\toks12

(etexdefs.lib Skipping module "grouptypes"; Loading module "interactionmodes";
Skipping module "nodetypes"; Skipping module "iftypes";) (language.def
\lang@USenglish=\language0

(hyphen.tex)
\lang@german-x-2022-03-16=\language1
 (dehypht-x-2022-03-16.tex
dehyph-exptl: using an 8-bit TeX engine. (dehypht-x-2022-03-16.pat
German Hyphenation Patterns (Traditional Orthography) `dehypht-x' 2022-03-16 (W
L)))
\lang@german-x-latest=\language2
 (dehypht-x-2022-03-16.tex dehyph-exptl: using an 8-bit TeX engine.
(dehypht-x-2022-03-16.pat
German Hyphenation Patterns (Traditional Orthography) `dehypht-x' 2022-03-16 (W
L)))
\lang@ngerman-x-2022-03-16=\language3
 (dehyphn-x-2022-03-16.tex dehyph-exptl: using an 8-bit TeX engine.
(dehyphn-x-2022-03-16.pat
German Hyphenation Patterns (Reformed Orthography, 2006) `dehyphn-x' 2022-03-16
 (WL)))
\lang@ngerman-x-latest=\language4
 (dehyphn-x-2022-03-16.tex dehyph-exptl: using an 8-bit TeX engine.
(dehyphn-x-2022-03-16.pat
German Hyphenation Patterns (Reformed Orthography, 2006) `dehyphn-x' 2022-03-16
 (WL)))
\lang@afrikaans=\language5
 (loadhyph-af.tex EC Afrikaans hyphenation patterns (conv-utf8-ec.tex)
(hyph-af.tex))
\lang@ancientgreek=\language6
 (loadhyph-grc.tex Hyphenation patterns for Ancient Greek
(grahyph5.tex Hyphenation patterns for Ancient Greek))
\lang@ibycus=\language7
 (ibyhyph.tex
Greek hyphenation patterns for Ibycus encoding, v3.0)
\lang@arabic=\language8
 (zerohyph.tex)
\lang@armenian=\language9

(loadhyph-hy.tex No Armenian hyphenation patterns - only for Unicode engines)
\lang@basque=\language10

(loadhyph-eu.tex EC Basque hyphenation patterns (conv-utf8-ec.tex) (hyph-eu.tex
))
\lang@belarusian=\language11
 (loadhyph-be.tex T2A Belarusian hyphenation patterns (conv-utf8-t2a.tex)
(hyph-be.tex))
\lang@bulgarian=\language12
 (loadhyph-bg.tex T2A Bulgarian hyphenation patterns
(conv-utf8-t2a.tex) (hyph-bg.tex
Bulgarian hyphenation patterns (options: --safe-morphology --standalone-tex, ve
rsion 21 October 2017)))
\lang@catalan=\language13
 (loadhyph-ca.tex EC Catalan hyphenation patterns
(conv-utf8-ec.tex) (hyph-ca.tex))
\lang@pinyin=\language14
 (loadhyph-zh-latn-pinyin.tex
EC Pinyin Hyphenation Patterns (with tone markers) 2018-11-25 (WL)
(hyph-zh-latn-pinyin.ec.tex))
\lang@churchslavonic=\language15
 (loadhyph-cu.tex
No Church Slavonic hyphenation patterns - only for Unicode engines)
\lang@coptic=\language16

(loadhyph-cop.tex Coptic hyphenation patterns (copthyph.tex))
\lang@croatian=\language17
 (loadhyph-hr.tex
EC Croatian hyphenation patterns (conv-utf8-ec.tex) (hyph-hr.tex))
\lang@czech=\language18

(loadhyph-cs.tex EC Czech hyphenation patterns (conv-utf8-ec.tex) (hyph-cs.tex)
)
\lang@danish=\language19
 (loadhyph-da.tex EC Danish hyphenation patterns (conv-utf8-ec.tex)
(hyph-da.tex))
\lang@dutch=\language20
 (loadhyph-nl.tex EC Dutch hyphenation patterns (conv-utf8-ec.tex) (hyph-nl.tex
))
\lang@ukenglish=\language21
 (loadhyph-en-gb.tex
ASCII Hyphenation patterns for British English (hyph-en-gb.tex))
\lang@british=\language22

(loadhyph-en-gb.tex ASCII Hyphenation patterns for British English
(hyph-en-gb.tex))
\lang@UKenglish=\language23
 (loadhyph-en-gb.tex
ASCII Hyphenation patterns for British English (hyph-en-gb.tex))
\lang@usenglishmax=\language24

(loadhyph-en-us.tex ASCII Hyphenation patterns for American English
(hyph-en-us.tex))
\lang@esperanto=\language25
 (loadhyph-eo.tex IL3 Esperanto hyphenation patterns
(conv-utf8-il3.tex) (hyph-eo.tex))
\lang@estonian=\language26
 (loadhyph-et.tex
EC Estonian hyphenation patterns (conv-utf8-ec.tex) (hyph-et.tex))
\lang@ethiopic=\language27

(loadhyph-mul-ethi.tex
No Pan-Ethiopic hyphenation patterns - only for Unicode engines)
\lang@amharic=\language28

(loadhyph-mul-ethi.tex
No Pan-Ethiopic hyphenation patterns - only for Unicode engines)
\lang@geez=\language29

(loadhyph-mul-ethi.tex
No Pan-Ethiopic hyphenation patterns - only for Unicode engines)
\lang@farsi=\language30
 (zerohyph.tex)
\lang@persian=\language31
(zerohyph.tex)
\lang@finnish=\language32
 (loadhyph-fi.tex EC Finnish hyphenation patterns
(conv-utf8-ec.tex) (hyph-fi.tex))
\lang@schoolfinnish=\language33
 (loadhyph-fi-x-school.tex
EC Finnish hyphenation patterns for school (conv-utf8-ec.tex)
(hyph-fi-x-school.tex))
\lang@french=\language34
 (loadhyph-fr.tex EC French hyphenation patterns
(conv-utf8-ec.tex) (hyph-fr.tex))
\lang@patois=\language35
 (loadhyph-fr.tex
EC French hyphenation patterns (conv-utf8-ec.tex) (hyph-fr.tex))
\lang@francais=\language36

(loadhyph-fr.tex EC French hyphenation patterns (conv-utf8-ec.tex) (hyph-fr.tex
))
\lang@friulan=\language37
 (loadhyph-fur.tex EC Friulan hyphenation patterns (conv-utf8-ec.tex)
(hyph-fur.tex))
\lang@galician=\language38
 (loadhyph-gl.tex EC Galician hyphenation patterns
(conv-utf8-ec.tex) (hyph-gl.tex))
\lang@georgian=\language39
 (loadhyph-ka.tex
T8M Georgian hyphenation patterns (conv-utf8-t8m.tex) (hyph-ka.tex))
\lang@german=\language40

(loadhyph-de-1901.tex EC German hyphenation patterns (traditional orthography)
(dehypht.tex
German Traditional Hyphenation Patterns `dehypht' Version 3.2a <1999/03/03>
(Formerly known under the name `ghyph31' and `ghyphen'.)))
\lang@ngerman=\language41

(loadhyph-de-1996.tex EC German hyphenation patterns (reformed orthography)
(dehyphn.tex
New German Hyphenation Patterns `dehyphn' Rev.31 <2001-05-07> (WaS)))
\lang@swissgerman=\language42

(loadhyph-de-ch-1901.tex
EC Swiss-German hyphenation patterns (traditional orthography)
(conv-utf8-ec.tex) (hyph-de-ch-1901.tex
Swiss-German Hyphenation Patterns (Traditional Orthography) `dehyphts-x' 2021-0
2-26 (WL)))
\lang@greek=\language43
 (loadhyph-el-polyton.tex
Hyphenation patterns for multi-accent (polytonic) Modern Greek (grphyph5.tex
Hyphenation patterns for multi-accent (polytonic) Modern Greek))
\lang@polygreek=\language44

(loadhyph-el-polyton.tex
Hyphenation patterns for multi-accent (polytonic) Modern Greek (grphyph5.tex
Hyphenation patterns for multi-accent (polytonic) Modern Greek))
\lang@monogreek=\language45

(loadhyph-el-monoton.tex
Hyphenation patterns for uni-accent (monotonic) Modern Greek (grmhyph5.tex
Hyphenation patterns for uni-accent (monotonic) Modern Greek))
\lang@hungarian=\language46
 (loadhyph-hu.tex EC Hungarian hyphenation patterns (conv-utf8-ec.tex) (hyph-hu
.tex))
\lang@icelandic=\language47

(loadhyph-is.tex EC Icelandic hyphenation patterns (conv-utf8-ec.tex)
(hyph-is.tex))
\lang@assamese=\language48
 (loadhyph-as.tex
No Assamese hyphenation patterns - only for Unicode engines)
\lang@bengali=\language49
 (loadhyph-bn.tex
No Bengali hyphenation patterns - only for Unicode engines)
\lang@gujarati=\language50
 (loadhyph-gu.tex
No Gujarati hyphenation patterns - only for Unicode engines)
\lang@hindi=\language51
 (loadhyph-hi.tex
No Hindi hyphenation patterns - only for Unicode engines)
\lang@kannada=\language52
 (loadhyph-kn.tex
No Kannada hyphenation patterns - only for Unicode engines)
\lang@malayalam=\language53
 (loadhyph-ml.tex
No Malayalam hyphenation patterns - only for Unicode engines)
\lang@marathi=\language54
 (loadhyph-mr.tex
No Marathi hyphenation patterns - only for Unicode engines)
\lang@oriya=\language55
 (loadhyph-or.tex
No Oriya hyphenation patterns - only for Unicode engines)
\lang@pali=\language56
 (loadhyph-pi.tex
No Pali hyphenation patterns - only for Unicode engines)
\lang@panjabi=\language57
 (loadhyph-pa.tex
No Panjabi hyphenation patterns - only for Unicode engines)
\lang@tamil=\language58
 (loadhyph-ta.tex
No Tamil hyphenation patterns - only for Unicode engines)
\lang@telugu=\language59
 (loadhyph-te.tex
No Telugu hyphenation patterns - only for Unicode engines)
\lang@indonesian=\language60
 (loadhyph-id.tex
ASCII Indonesian hyphenation patterns (hyph-id.tex))
\lang@interlingua=\language61
 (loadhyph-ia.tex
ASCII Hyphenation patterns for Interlingua (hyph-ia.tex))
\lang@irish=\language62
 (loadhyph-ga.tex
EC Irish hyphenation patterns (conv-utf8-ec.tex) (hyph-ga.tex))
\lang@italian=\language63

(loadhyph-it.tex ASCII Italian hyphenation patterns (hyph-it.tex))
\lang@kurmanji=\language64

(loadhyph-kmr.tex EC Kurmanji hyphenation patterns (conv-utf8-ec.tex)
(hyph-kmr.tex))
\lang@classiclatin=\language65
 (loadhyph-la-x-classic.tex
EC Classical Latin hyphenation patterns, v.2.0 2019-07-03
(hyph-la-x-classic.ec.tex))
\lang@latin=\language66
 (loadhyph-la.tex EC Latin hyphenation patterns
(conv-utf8-ec.tex) (hyph-la.tex))
\lang@liturgicallatin=\language67
 (loadhyph-la-x-liturgic.tex
EC Liturgical Latin hyphenation patterns (hyph-la-x-liturgic.ec.tex))
\lang@latvian=\language68

(loadhyph-lv.tex L7X Latvian hyphenation patterns (conv-utf8-l7x.tex)
(hyph-lv.tex))
\lang@lithuanian=\language69
 (loadhyph-lt.tex L7X Lithuanian hyphenation patterns
(conv-utf8-l7x.tex) (hyph-lt.tex))
\lang@macedonian=\language70
 (loadhyph-mk.tex
MACEDONIAN Macedonian hyphenation patterns (hyph-mk.macedonian.tex))
\lang@mongolian=\language71

(loadhyph-mn-cyrl.tex T2A (New) Mongolian hyphenation patterns
(conv-utf8-t2a.tex) (hyph-mn-cyrl.tex))
\lang@mongolianlmc=\language72
 (loadhyph-mn-cyrl-x-lmc.tex
LMC Mongolian hyphenation patterns (conv-utf8-lmc.tex) (hyph-mn-cyrl-x-lmc.tex)
)
\lang@bokmal=\language73
 (loadhyph-nb.tex EC Norwegian Bokmal hyphenation patterns (conv-utf8-ec.tex)
(hyph-nb.tex (hyph-no.tex)))
\lang@norwegian=\language74
 (loadhyph-nb.tex
EC Norwegian Bokmal hyphenation patterns (conv-utf8-ec.tex) (hyph-nb.tex
(hyph-no.tex)))
\lang@norsk=\language75
 (loadhyph-nb.tex EC Norwegian Bokmal hyphenation patterns
(conv-utf8-ec.tex) (hyph-nb.tex (hyph-no.tex)))
\lang@nynorsk=\language76
 (loadhyph-nn.tex
EC Norwegian Nynorsk hyphenation patterns (conv-utf8-ec.tex) (hyph-nn.tex
(hyph-no.tex)))
\lang@occitan=\language77
 (loadhyph-oc.tex EC Occitan hyphenation patterns
(conv-utf8-ec.tex) (hyph-oc.tex))
\lang@piedmontese=\language78
 (loadhyph-pms.tex
ASCII Piedmontese hyphenation patterns (hyph-pms.tex))
\lang@polish=\language79
 (loadhyph-pl.tex
QX Polish hyphenation patterns (conv-utf8-qx.tex) (hyph-pl.tex))
\lang@portuguese=\language80

(loadhyph-pt.tex EC Portuguese hyphenation patterns (conv-utf8-ec.tex)
(hyph-pt.tex))
\lang@portuges=\language81
 (loadhyph-pt.tex EC Portuguese hyphenation patterns
(conv-utf8-ec.tex) (hyph-pt.tex))
\lang@romanian=\language82
 (loadhyph-ro.tex
EC Romanian hyphenation patterns (conv-utf8-ec.tex) (hyph-ro.tex))
\lang@romansh=\language83

(loadhyph-rm.tex ASCII Romansh hyphenation patterns (hyph-rm.tex))
\lang@russian=\language84

(loadhyph-ru.tex T2A Russian hyphenation patterns (ruhyphen.tex (catkoi.tex)
(koi2t2a.tex) (ruhyphal.tex) (cyryoal.tex) (hypht2.tex)))
\lang@sanskrit=\language85
 (loadhyph-sa.tex
No Sanskrit hyphenation patterns - only for Unicode engines)
\lang@serbian=\language86

(loadhyph-sr-latn.tex EC Serbian hyphenation patterns in Latin script
(conv-utf8-ec.tex) (hyph-sh-latn.tex))
\lang@serbianc=\language87
 (loadhyph-sr-cyrl.tex
T2A Serbian hyphenation patterns in Cyrillic script (conv-utf8-t2a.tex)
(hyph-sh-cyrl.tex))
\lang@slovak=\language88
 (loadhyph-sk.tex EC Slovak hyphenation patterns
(conv-utf8-ec.tex) (hyph-sk.tex))
\lang@slovenian=\language89
 (loadhyph-sl.tex
EC Slovenian hyphenation patterns (conv-utf8-ec.tex) (hyph-sl.tex))
\lang@slovene=\language90

(loadhyph-sl.tex EC Slovenian hyphenation patterns (conv-utf8-ec.tex)
(hyph-sl.tex))
\lang@spanish=\language91
 (loadhyph-es.tex EC Spanish hyphenation patterns
(conv-utf8-ec.tex) (hyph-es.tex))
\lang@espanol=\language92
 (loadhyph-es.tex
EC Spanish hyphenation patterns (conv-utf8-ec.tex) (hyph-es.tex))
\lang@swedish=\language93

(loadhyph-sv.tex EC Swedish hyphenation patterns (conv-utf8-ec.tex)
(hyph-sv.tex))
\lang@thai=\language94
 (loadhyph-th.tex LTH Thai hyphenation patterns
(conv-utf8-lth.tex) (hyph-th.tex))
\lang@turkish=\language95
 (loadhyph-tr.tex
EC Turkish hyphenation patterns (conv-utf8-ec.tex) (hyph-tr.tex))
\lang@turkmen=\language96

(loadhyph-tk.tex EC Turkmen hyphenation patterns (conv-utf8-ec.tex)
(hyph-tk.tex))
\lang@ukrainian=\language97
 (loadhyph-uk.tex T2A Ukrainian hyphenation patterns (ukrhyph.tex Ukrainian hyp
henation patterns in t2a encoding (catlcy.tex) (lcy2t2a.tex)
(ukrhypmp.tex) (hypht2.tex)))
\lang@uppersorbian=\language98
 (loadhyph-hsb.tex
EC Upper Sorbian hyphenation patterns (conv-utf8-ec.tex) (hyph-hsb.tex))
\lang@welsh=\language99

(loadhyph-cy.tex EC Welsh hyphenation patterns (conv-utf8-ec.tex) (hyph-cy.tex)
)) Augmenting the Plain TeX definitions: \tracingall;
Adding new e-TeX definitions: \eTeX, \loggingall, \tracingnone,
register allocation;
\et@xins=\count26
 extended register allocation; 
Recycling: \addlanguage, \@nswer (not defined), \@sk, \b@dresponsetrue,
\b@dresponsefalse, \ch@ckforyn, \mayber@cycle, \et@xabort, \et@xbuf,
\et@xfmtsrc, \et@xfilehdr, \et@xinf, \et@xpatterns, \l@ngdefnfile, \n@xt,
\p@rse (not defined), \pr@mpt (not defined), \pr@mptloop (not defined),
\forcer@cycle, \usef@llback, \usef@llbacktrue, \usef@llbackfalse, 
Retaining: \et@xerr, \et@xinput, \et@xlibhdr, \et@xmsg, \et@xtoks, \et@xwarn,
\et@xl@@d, \et@xl@ad, \et@xload, \et@xlang, \et@xhash, \eTeX, \etexhdrchk,
\etexstatus, \module, \uselanguage, \r@tain, \r@cycle,) (ifhint.tex)
(hiplainpage.tex) )
Beginning to dump on file hitex.fmt
 (preloaded format=hitex 2023.2.4)
3558 strings of total length 31091
13851 memory locations dumped; current usage is 279&10488
1567 multiletter control sequences
\font\nullfont=nullfont
\font\tenrm=cmr10
\font\preloaded=cmr9
\font\preloaded=cmr8
\font\sevenrm=cmr7
\font\preloaded=cmr6
\font\fiverm=cmr5
\font\teni=cmmi10
\font\preloaded=cmmi9
\font\preloaded=cmmi8
\font\seveni=cmmi7
\font\preloaded=cmmi6
\font\fivei=cmmi5
\font\tensy=cmsy10
\font\preloaded=cmsy9
\font\preloaded=cmsy8
\font\sevensy=cmsy7
\font\preloaded=cmsy6
\font\fivesy=cmsy5
\font\tenex=cmex10
\font\preloaded=cmss10
\font\preloaded=cmssq8
\font\preloaded=cmssi10
\font\preloaded=cmssqi8
\font\tenbf=cmbx10
\font\preloaded=cmbx9
\font\preloaded=cmbx8
\font\sevenbf=cmbx7
\font\preloaded=cmbx6
\font\fivebf=cmbx5
\font\tentt=cmtt10
\font\preloaded=cmtt9
\font\preloaded=cmtt8
\font\preloaded=cmsltt10
\font\tensl=cmsl10
\font\preloaded=cmsl9
\font\preloaded=cmsl8
\font\tenit=cmti10
\font\preloaded=cmti9
\font\preloaded=cmti8
\font\preloaded=cmti7
\font\preloaded=cmu10
\font\preloaded=cmmib10
\font\preloaded=cmbsy10
\font\preloaded=cmcsc10
\font\preloaded=cmssbx10
\font\preloaded=cmdunh10
\font\preloaded=cmr7 at 14.51799pt
\font\preloaded=cmtt10 at 14.4pt
\font\preloaded=cmssbx10 at 14.4pt
\font\preloaded=manfnt
14787 words of font info for 50 preloaded fonts
1424 hyphenation exceptions
Hyphenation trie of length 427562 has 12366 ops out of 35111
  143 for language 99
  110 for language 98
  138 for language 97
  7 for language 96
  12 for language 95
  53 for language 94
  127 for language 93
  195 for language 92
  195 for language 91
  71 for language 90
  71 for language 89
  248 for language 88
  62 for language 87
  66 for language 86
  119 for language 84
  43 for language 83
  58 for language 82
  7 for language 81
  7 for language 80
  194 for language 79
  37 for language 78
  23 for language 77
  852 for language 76
  852 for language 75
  852 for language 74
  852 for language 73
  21 for language 72
  38 for language 71
  38 for language 70
  77 for language 69
  58 for language 68
  206 for language 67
  25 for language 66
  216 for language 65
  27 for language 64
  37 for language 63
  229 for language 62
  38 for language 61
  21 for language 60
  147 for language 47
  185 for language 46
  18 for language 45
  50 for language 44
  50 for language 43
  420 for language 42
  235 for language 41
  207 for language 40
  39 for language 39
  76 for language 38
  40 for language 37
  89 for language 36
  89 for language 35
  89 for language 34
  6 for language 33
  31 for language 32
  113 for language 26
  145 for language 25
  377 for language 24
  224 for language 23
  224 for language 22
  224 for language 21
  265 for language 20
  60 for language 19
  63 for language 18
  19 for language 17
  14 for language 16
  3 for language 14
  21 for language 13
  54 for language 12
  36 for language 11
  5 for language 10
  148 for language 7
  97 for language 6
  137 for language 5
  438 for language 4
  438 for language 3
  442 for language 2
  442 for language 1
  181 for language 0
