This is XeTeX, Version 3.141592653-2.6-0.999994 (TeX Live 2022/Arch Linux) (INITEX)  4 FEB 2023 01:44
entering extended mode
 restricted \write18 enabled.
 %&-line parsing enabled.
**csplain.ini
(/usr/share/texmf-dist/tex/csplain/base/csplain.ini
(/usr/share/texmf-dist/tex/csplain/base/csfonts.tex)
(/usr/share/texmf-dist/tex/plain/base/plain.tex
Preloading the plain format: codes, registers,
\maxdimen=\dimen10
\hideskip=\skip10
\centering=\skip11
\p@=\dimen11
\z@=\dimen12
\z@skip=\skip12
\voidb@x=\box10
 parameters,
\smallskipamount=\skip13
\medskipamount=\skip14
\bigskipamount=\skip15
\normalbaselineskip=\skip16
\normallineskip=\skip17
\normallineskiplimit=\dimen13
\jot=\dimen14
\interdisplaylinepenalty=\count23
\interfootnotelinepenalty=\count24
 fonts, more fonts,
\itfam=\fam4
\slfam=\fam5
\bffam=\fam6
\ttfam=\fam7

macros,
\strutbox=\box11
\mscount=\count25
\tabs=\box12
\tabsyet=\box13
\tabsdone=\box14
 math definitions,
\rootbox=\box15
\p@renwd=\dimen15
 output routines,
\headline=\toks10
\footline=\toks11
\footins=\insert254
\topins=\insert253
 hyphenation
(/usr/share/texmf-dist/tex/generic/hyphen/hyphen.tex))
(/usr/share/texmf-dist/tex/csplain/base/csfontsm.tex)
(/usr/share/texmf-dist/tex/csplain/base/etex-mac.tex
\marks@count=\count26
)
(/usr/share/texmf-dist/tex/csplain/base/hyphen.lan
(/usr/share/texmf-dist/tex/csplain/base/il2code.tex
Font encoding set to ISO-8859-2.)
\numpatterns=\count27

eTeX's \savinghyphcodes detected - \lccode settings per pattern are saved.
Loading US English hyphenation patterns in ASCII encoding, \enPatt=0 (en).
(/usr/share/texmf-dist/tex/csplain/base/hyphen.ex
Enhyphex.tex English exception words.)
Loading UK English hyphenation patterns in ASCII encoding, \engbPatt=101 (engb)
. (/usr/share/texmf-dist/tex/generic/hyph-utf8/patterns/tex/hyph-en-gb.tex)
Loading Italian hyphenation patterns in ASCII encoding, \itPatt=102 (it).
(/usr/share/texmf-dist/tex/generic/hyph-utf8/patterns/tex/hyph-it.tex)
Loading Czech hyphenation patterns in ISO-8859-2 encoding, \csILtwo=5 (cs).
(/usr/share/texmf-dist/tex/csplain/base/czhyphen.tex)
(/usr/share/texmf-dist/tex/csplain/base/czhyphen.ex)
Loading Slovak hyphenation patterns in ISO-8859-2 encoding, \skILtwo=6 (sk).
(/usr/share/texmf-dist/tex/csplain/base/skhyphen.tex)
(/usr/share/texmf-dist/tex/csplain/base/skhyphen.ex)
(/usr/share/texmf-dist/tex/csplain/base/uni-lcuc.tex
Setting lccodes and uccodes for Unicode characters.)
Loading Czech hyphenation patterns in Unicode encoding, \csUnicode=115 (cs).
(/usr/share/texmf-dist/tex/generic/hyph-utf8/patterns/tex/hyph-cs.tex)
Loading Slovak hyphenation patterns in Unicode encoding, \skUnicode=116 (sk).
(/usr/share/texmf-dist/tex/generic/hyph-utf8/patterns/tex/hyph-sk.tex)
7 patterns preloaded: \enPatt =0 \engbPatt =101 \itPatt =102 \csILtwo =5 \skILt
wo =6 \csUnicode =115 \skUnicode =116 
Defaults: \language=0, \cmaccents, \nonfrenchspacing, ISO-8859-2 font encoding)
(/usr/share/texmf-dist/tex/csplain/base/plaina4.tex
\hsize=159.2 mm \vsize=239.2 mm)
\XeTeXallocatorG=\count28

(/usr/share/texmf-dist/tex/csplain/base/ucode.tex
Font encoding set to Unicode.) )
Beginning to dump on file pdfcsplain.fmt
 (preloaded format=pdfcsplain 2023.2.4)
67970 strings of total length 38935
8440 memory locations dumped; current usage is 113&7718
1366 multiletter control sequences
\font\nullfont=nullfont
\font\tenrm=csr10
\font\sevenrm=csr7
\font\fiverm=csr5
\font\teni=cmmi10
\font\seveni=cmmi7
\font\fivei=cmmi5
\font\tensy=cmsy10
\font\sevensy=cmsy7
\font\fivesy=cmsy5
\font\tenex=cmex10
\font\tenbf=csbx10
\font\sevenbf=csbx7
\font\fivebf=csbx5
\font\tentt=cstt10
\font\tensl=cssl10
\font\tenit=csti10
\font\tenbi=csbxti10
7624 words of font info for 17 preloaded fonts
45 hyphenation exceptions
Hyphenation trie of length 30115 has 1064 ops out of 35111
  248 for language 116
  63 for language 115
  37 for language 102
  224 for language 101
  248 for language 6
  63 for language 5
  181 for language 0
No pages of output.
