This is XeTeX, Version 3.141592653-2.6-0.999994 (TeX Live 2022/Arch Linux) (INITEX)  4 FEB 2023 01:43
entering extended mode
 restricted \write18 enabled.
 %&-line parsing enabled.
**xetex.ini
(/usr/share/texmf-dist/tex/generic/tex-ini-files/xetex.ini
(/usr/share/texmf-dist/tex/generic/unicode-data/load-unicode-data.tex 
load-unicode-data.tex v1.15 (2021-09-15)
Reading Unicode data
# UnicodeData-14.0.0.txt
# Modified 2021-09-15 11:00:00 GMT [JAW]
)
(/usr/share/texmf-dist/tex/generic/unicode-data/load-unicode-xetex-classes.tex

load-unicode-xetex-classes.tex v1.15 (2021-09-15)
Reading Unicode east Asian character class data
# LineBreak-14.0.0.txt 
# Date: 2021-07-06, 09:58:55 GMT [KW, LI] 
# EastAsianWidth-14.0.0.txt 
# Date: 2021-07-06, 09:58:53 GMT [KW, LI] 
) (/usr/share/texmf-dist/tex/plain/etex/etex.src
(/usr/share/texmf-dist/tex/plain/base/plain.tex
Preloading the plain format: codes, registers,
\maxdimen=\dimen10
\hideskip=\skip10
\centering=\skip11
\p@=\dimen11
\z@=\dimen12
\z@skip=\skip12
\voidb@x=\box10
 parameters,
\smallskipamount=\skip13
\medskipamount=\skip14
\bigskipamount=\skip15
\normalbaselineskip=\skip16
\normallineskip=\skip17
\normallineskiplimit=\dimen13
\jot=\dimen14
\interdisplaylinepenalty=\count23
\interfootnotelinepenalty=\count24
 fonts, more fonts,
\itfam=\fam4
\slfam=\fam5
\bffam=\fam6
\ttfam=\fam7

macros,
\strutbox=\box11
\mscount=\count25
\tabs=\box12
\tabsyet=\box13
\tabsdone=\box14
 math definitions,
\rootbox=\box15
\p@renwd=\dimen15
 output routines,
\headline=\toks10
\footline=\toks11
\footins=\insert254
\topins=\insert253
 hyphenation
(/usr/share/texmf-dist/tex/generic/hyphen/hyphen.tex
[skipping from \patterns to end-of-file...]))
\et@xinput=\read0
\et@xtoks=\toks12

(/usr/share/texmf-dist/tex/plain/etex/etexdefs.lib
Skipping module "grouptypes"; Loading module "interactionmodes";
Skipping module "nodetypes"; Skipping module "iftypes";)
(/etc/texmf/tex/generic/config/language.def
\lang@USenglish=\language0

(/usr/share/texmf-dist/tex/generic/hyphen/hyphen.tex)
\lang@german-x-2022-03-16=\language1

(/usr/share/texmf-dist/tex/generic/dehyph-exptl/dehypht-x-2022-03-16.tex
dehyph-exptl: using a TeX engine with native UTF-8 support.
(/usr/share/texmf-dist/tex/generic/dehyph-exptl/dehypht-x-2022-03-16.pat
German Hyphenation Patterns (Traditional Orthography) `dehypht-x' 2022-03-16 (W
L)))
\lang@german-x-latest=\language2
 (/usr/share/texmf-dist/tex/generic/dehyph-exptl/dehypht-x-2022-03-16.tex
dehyph-exptl: using a TeX engine with native UTF-8 support.
(/usr/share/texmf-dist/tex/generic/dehyph-exptl/dehypht-x-2022-03-16.pat
German Hyphenation Patterns (Traditional Orthography) `dehypht-x' 2022-03-16 (W
L)))
\lang@ngerman-x-2022-03-16=\language3
 (/usr/share/texmf-dist/tex/generic/dehyph-exptl/dehyphn-x-2022-03-16.tex
dehyph-exptl: using a TeX engine with native UTF-8 support.
(/usr/share/texmf-dist/tex/generic/dehyph-exptl/dehyphn-x-2022-03-16.pat
German Hyphenation Patterns (Reformed Orthography, 2006) `dehyphn-x' 2022-03-16
 (WL)))
\lang@ngerman-x-latest=\language4

(/usr/share/texmf-dist/tex/generic/dehyph-exptl/dehyphn-x-2022-03-16.tex
dehyph-exptl: using a TeX engine with native UTF-8 support.
(/usr/share/texmf-dist/tex/generic/dehyph-exptl/dehyphn-x-2022-03-16.pat
German Hyphenation Patterns (Reformed Orthography, 2006) `dehyphn-x' 2022-03-16
 (WL)))
\lang@afrikaans=\language5
 (/usr/share/texmf-dist/tex/generic/hyph-utf8/loadhyph/loadhyph-af.tex
UTF-8 Afrikaans hyphenation patterns
(/usr/share/texmf-dist/tex/generic/hyph-utf8/patterns/tex/hyph-af.tex)
(/usr/share/texmf-dist/tex/generic/hyph-utf8/patterns/quote/hyph-quote-af.tex))
\lang@ancientgreek=\language6
(/usr/share/texmf-dist/tex/generic/hyph-utf8/loadhyph/loadhyph-grc.tex
UTF-8 Hyphenation patterns for Ancient Greek
(/usr/share/texmf-dist/tex/generic/hyph-utf8/patterns/tex/hyph-grc.tex))
\lang@ibycus=\language7

(/usr/share/texmf-dist/tex/generic/hyphen/ibyhyph.tex
Greek hyphenation patterns for Ibycus encoding, v3.0)
\lang@arabic=\language8

(/usr/share/texmf-dist/tex/generic/hyphen/zerohyph.tex)
\lang@armenian=\language9

(/usr/share/texmf-dist/tex/generic/hyph-utf8/loadhyph/loadhyph-hy.tex
UTF-8 Armenian hyphenation patterns
(/usr/share/texmf-dist/tex/generic/hyph-utf8/patterns/tex/hyph-hy.tex))
\lang@basque=\language10

(/usr/share/texmf-dist/tex/generic/hyph-utf8/loadhyph/loadhyph-eu.tex
UTF-8 Basque hyphenation patterns
(/usr/share/texmf-dist/tex/generic/hyph-utf8/patterns/tex/hyph-eu.tex))
\lang@belarusian=\language11

(/usr/share/texmf-dist/tex/generic/hyph-utf8/loadhyph/loadhyph-be.tex
UTF-8 Belarusian hyphenation patterns
(/usr/share/texmf-dist/tex/generic/hyph-utf8/patterns/tex/hyph-be.tex)
(/usr/share/texmf-dist/tex/generic/hyph-utf8/patterns/quote/hyph-quote-be.tex))
\lang@bulgarian=\language12
(/usr/share/texmf-dist/tex/generic/hyph-utf8/loadhyph/loadhyph-bg.tex
UTF-8 Bulgarian hyphenation patterns
(/usr/share/texmf-dist/tex/generic/hyph-utf8/patterns/tex/hyph-bg.tex
Bulgarian hyphenation patterns (options: --safe-morphology --standalone-tex, ve
rsion 21 October 2017)))
\lang@catalan=\language13

(/usr/share/texmf-dist/tex/generic/hyph-utf8/loadhyph/loadhyph-ca.tex
UTF-8 Catalan hyphenation patterns
(/usr/share/texmf-dist/tex/generic/hyph-utf8/patterns/tex/hyph-ca.tex))
\lang@pinyin=\language14

(/usr/share/texmf-dist/tex/generic/hyph-utf8/loadhyph/loadhyph-zh-latn-pinyin.t
ex UTF-8 Pinyin Hyphenation Patterns (with tone markers) 2018-11-25 (WL)
(/usr/share/texmf-dist/tex/generic/hyph-utf8/patterns/tex/hyph-zh-latn-pinyin.t
ex))
\lang@churchslavonic=\language15
 (/usr/share/texmf-dist/tex/generic/hyph-utf8/loadhyph/loadhyph-cu.tex
UTF-8 Church Slavonic hyphenation patterns
(/usr/share/texmf-dist/tex/generic/hyph-utf8/patterns/tex/hyph-cu.tex))
\lang@coptic=\language16

(/usr/share/texmf-dist/tex/generic/hyph-utf8/loadhyph/loadhyph-cop.tex
UTF-8 Coptic hyphenation patterns
(/usr/share/texmf-dist/tex/generic/hyph-utf8/patterns/tex/hyph-cop.tex))
\lang@croatian=\language17

(/usr/share/texmf-dist/tex/generic/hyph-utf8/loadhyph/loadhyph-hr.tex
UTF-8 Croatian hyphenation patterns
(/usr/share/texmf-dist/tex/generic/hyph-utf8/patterns/tex/hyph-hr.tex))
\lang@czech=\language18

(/usr/share/texmf-dist/tex/generic/hyph-utf8/loadhyph/loadhyph-cs.tex
UTF-8 Czech hyphenation patterns
(/usr/share/texmf-dist/tex/generic/hyph-utf8/patterns/tex/hyph-cs.tex))
\lang@danish=\language19

(/usr/share/texmf-dist/tex/generic/hyph-utf8/loadhyph/loadhyph-da.tex
UTF-8 Danish hyphenation patterns
(/usr/share/texmf-dist/tex/generic/hyph-utf8/patterns/tex/hyph-da.tex))
\lang@dutch=\language20

(/usr/share/texmf-dist/tex/generic/hyph-utf8/loadhyph/loadhyph-nl.tex
UTF-8 Dutch hyphenation patterns
(/usr/share/texmf-dist/tex/generic/hyph-utf8/patterns/tex/hyph-nl.tex))
\lang@ukenglish=\language21

(/usr/share/texmf-dist/tex/generic/hyph-utf8/loadhyph/loadhyph-en-gb.tex
ASCII Hyphenation patterns for British English
(/usr/share/texmf-dist/tex/generic/hyph-utf8/patterns/tex/hyph-en-gb.tex))
\lang@british=\language22

(/usr/share/texmf-dist/tex/generic/hyph-utf8/loadhyph/loadhyph-en-gb.tex
ASCII Hyphenation patterns for British English
(/usr/share/texmf-dist/tex/generic/hyph-utf8/patterns/tex/hyph-en-gb.tex))
\lang@UKenglish=\language23

(/usr/share/texmf-dist/tex/generic/hyph-utf8/loadhyph/loadhyph-en-gb.tex
ASCII Hyphenation patterns for British English
(/usr/share/texmf-dist/tex/generic/hyph-utf8/patterns/tex/hyph-en-gb.tex))
\lang@usenglishmax=\language24

(/usr/share/texmf-dist/tex/generic/hyph-utf8/loadhyph/loadhyph-en-us.tex
ASCII Hyphenation patterns for American English
(/usr/share/texmf-dist/tex/generic/hyph-utf8/patterns/tex/hyph-en-us.tex))
\lang@esperanto=\language25

(/usr/share/texmf-dist/tex/generic/hyph-utf8/loadhyph/loadhyph-eo.tex
UTF-8 Esperanto hyphenation patterns
(/usr/share/texmf-dist/tex/generic/hyph-utf8/patterns/tex/hyph-eo.tex))
\lang@estonian=\language26

(/usr/share/texmf-dist/tex/generic/hyph-utf8/loadhyph/loadhyph-et.tex
UTF-8 Estonian hyphenation patterns
(/usr/share/texmf-dist/tex/generic/hyph-utf8/patterns/tex/hyph-et.tex))
\lang@ethiopic=\language27

(/usr/share/texmf-dist/tex/generic/hyph-utf8/loadhyph/loadhyph-mul-ethi.tex
UTF-8 Pan-Ethiopic hyphenation patterns
(/usr/share/texmf-dist/tex/generic/hyph-utf8/patterns/tex/hyph-mul-ethi.tex))
\lang@amharic=\language28

(/usr/share/texmf-dist/tex/generic/hyph-utf8/loadhyph/loadhyph-mul-ethi.tex
UTF-8 Pan-Ethiopic hyphenation patterns
(/usr/share/texmf-dist/tex/generic/hyph-utf8/patterns/tex/hyph-mul-ethi.tex))
\lang@geez=\language29

(/usr/share/texmf-dist/tex/generic/hyph-utf8/loadhyph/loadhyph-mul-ethi.tex
UTF-8 Pan-Ethiopic hyphenation patterns
(/usr/share/texmf-dist/tex/generic/hyph-utf8/patterns/tex/hyph-mul-ethi.tex))
\lang@farsi=\language30

(/usr/share/texmf-dist/tex/generic/hyphen/zerohyph.tex)
\lang@persian=\language31

(/usr/share/texmf-dist/tex/generic/hyphen/zerohyph.tex)
\lang@finnish=\language32

(/usr/share/texmf-dist/tex/generic/hyph-utf8/loadhyph/loadhyph-fi.tex
UTF-8 Finnish hyphenation patterns
(/usr/share/texmf-dist/tex/generic/hyph-utf8/patterns/tex/hyph-fi.tex))
\lang@schoolfinnish=\language33

(/usr/share/texmf-dist/tex/generic/hyph-utf8/loadhyph/loadhyph-fi-x-school.tex
UTF-8 Finnish hyphenation patterns for school
(/usr/share/texmf-dist/tex/generic/hyph-utf8/patterns/tex/hyph-fi-x-school.tex)
)
\lang@french=\language34
 (/usr/share/texmf-dist/tex/generic/hyph-utf8/loadhyph/loadhyph-fr.tex
UTF-8 French hyphenation patterns
(/usr/share/texmf-dist/tex/generic/hyph-utf8/patterns/tex/hyph-fr.tex)
(/usr/share/texmf-dist/tex/generic/hyph-utf8/patterns/quote/hyph-quote-fr.tex))
\lang@patois=\language35
(/usr/share/texmf-dist/tex/generic/hyph-utf8/loadhyph/loadhyph-fr.tex
UTF-8 French hyphenation patterns
(/usr/share/texmf-dist/tex/generic/hyph-utf8/patterns/tex/hyph-fr.tex)
(/usr/share/texmf-dist/tex/generic/hyph-utf8/patterns/quote/hyph-quote-fr.tex))
\lang@francais=\language36
(/usr/share/texmf-dist/tex/generic/hyph-utf8/loadhyph/loadhyph-fr.tex
UTF-8 French hyphenation patterns
(/usr/share/texmf-dist/tex/generic/hyph-utf8/patterns/tex/hyph-fr.tex)
(/usr/share/texmf-dist/tex/generic/hyph-utf8/patterns/quote/hyph-quote-fr.tex))
\lang@friulan=\language37
(/usr/share/texmf-dist/tex/generic/hyph-utf8/loadhyph/loadhyph-fur.tex
UTF-8 Friulan hyphenation patterns
(/usr/share/texmf-dist/tex/generic/hyph-utf8/patterns/tex/hyph-fur.tex)
(/usr/share/texmf-dist/tex/generic/hyph-utf8/patterns/quote/hyph-quote-fur.tex)
)
\lang@galician=\language38
 (/usr/share/texmf-dist/tex/generic/hyph-utf8/loadhyph/loadhyph-gl.tex
UTF-8 Galician hyphenation patterns
(/usr/share/texmf-dist/tex/generic/hyph-utf8/patterns/tex/hyph-gl.tex))
\lang@georgian=\language39

(/usr/share/texmf-dist/tex/generic/hyph-utf8/loadhyph/loadhyph-ka.tex
UTF-8 Georgian hyphenation patterns
(/usr/share/texmf-dist/tex/generic/hyph-utf8/patterns/tex/hyph-ka.tex))
\lang@german=\language40

(/usr/share/texmf-dist/tex/generic/hyph-utf8/loadhyph/loadhyph-de-1901.tex
UTF-8 German hyphenation patterns (traditional orthography)
(/usr/share/texmf-dist/tex/generic/hyph-utf8/patterns/tex/hyph-de-1901.tex
German Hyphenation Patterns (Traditional Orthography) `dehypht-x' 2021-02-26 (W
L)))
\lang@ngerman=\language41
 (/usr/share/texmf-dist/tex/generic/hyph-utf8/loadhyph/loadhyph-de-1996.tex UTF
-8 German hyphenation patterns (reformed orthography)
(/usr/share/texmf-dist/tex/generic/hyph-utf8/patterns/tex/hyph-de-1996.tex
German Hyphenation Patterns (Reformed Orthography, 2006) `dehyphn-x' 2021-02-26
 (WL)))
\lang@swissgerman=\language42

(/usr/share/texmf-dist/tex/generic/hyph-utf8/loadhyph/loadhyph-de-ch-1901.tex
UTF-8 Swiss-German hyphenation patterns (traditional orthography)
(/usr/share/texmf-dist/tex/generic/hyph-utf8/patterns/tex/hyph-de-ch-1901.tex
Swiss-German Hyphenation Patterns (Traditional Orthography) `dehyphts-x' 2021-0
2-26 (WL)))
\lang@greek=\language43

(/usr/share/texmf-dist/tex/generic/hyph-utf8/loadhyph/loadhyph-el-polyton.tex
UTF-8 Hyphenation patterns for multi-accent (polytonic) Modern Greek
(/usr/share/texmf-dist/tex/generic/hyph-utf8/patterns/tex/hyph-el-polyton.tex))
\lang@polygreek=\language44
(/usr/share/texmf-dist/tex/generic/hyph-utf8/loadhyph/loadhyph-el-polyton.tex
UTF-8 Hyphenation patterns for multi-accent (polytonic) Modern Greek
(/usr/share/texmf-dist/tex/generic/hyph-utf8/patterns/tex/hyph-el-polyton.tex))
\lang@monogreek=\language45
(/usr/share/texmf-dist/tex/generic/hyph-utf8/loadhyph/loadhyph-el-monoton.tex
UTF-8 Hyphenation patterns for uni-accent (monotonic) Modern Greek
(/usr/share/texmf-dist/tex/generic/hyph-utf8/patterns/tex/hyph-el-monoton.tex))
\lang@hungarian=\language46
(/usr/share/texmf-dist/tex/generic/hyph-utf8/loadhyph/loadhyph-hu.tex
UTF-8 Hungarian hyphenation patterns
(/usr/share/texmf-dist/tex/generic/hyph-utf8/patterns/tex/hyph-hu.tex))
\lang@icelandic=\language47

(/usr/share/texmf-dist/tex/generic/hyph-utf8/loadhyph/loadhyph-is.tex
UTF-8 Icelandic hyphenation patterns
(/usr/share/texmf-dist/tex/generic/hyph-utf8/patterns/tex/hyph-is.tex))
\lang@assamese=\language48

(/usr/share/texmf-dist/tex/generic/hyph-utf8/loadhyph/loadhyph-as.tex
UTF-8 Assamese hyphenation patterns
(/usr/share/texmf-dist/tex/generic/hyph-utf8/patterns/tex/hyph-as.tex))
\lang@bengali=\language49

(/usr/share/texmf-dist/tex/generic/hyph-utf8/loadhyph/loadhyph-bn.tex
UTF-8 Bengali hyphenation patterns
(/usr/share/texmf-dist/tex/generic/hyph-utf8/patterns/tex/hyph-bn.tex))
\lang@gujarati=\language50

(/usr/share/texmf-dist/tex/generic/hyph-utf8/loadhyph/loadhyph-gu.tex
UTF-8 Gujarati hyphenation patterns
(/usr/share/texmf-dist/tex/generic/hyph-utf8/patterns/tex/hyph-gu.tex))
\lang@hindi=\language51

(/usr/share/texmf-dist/tex/generic/hyph-utf8/loadhyph/loadhyph-hi.tex
UTF-8 Hindi hyphenation patterns
(/usr/share/texmf-dist/tex/generic/hyph-utf8/patterns/tex/hyph-hi.tex))
\lang@kannada=\language52

(/usr/share/texmf-dist/tex/generic/hyph-utf8/loadhyph/loadhyph-kn.tex
UTF-8 Kannada hyphenation patterns
(/usr/share/texmf-dist/tex/generic/hyph-utf8/patterns/tex/hyph-kn.tex))
\lang@malayalam=\language53

(/usr/share/texmf-dist/tex/generic/hyph-utf8/loadhyph/loadhyph-ml.tex
UTF-8 Malayalam hyphenation patterns
(/usr/share/texmf-dist/tex/generic/hyph-utf8/patterns/tex/hyph-ml.tex))
\lang@marathi=\language54

(/usr/share/texmf-dist/tex/generic/hyph-utf8/loadhyph/loadhyph-mr.tex
UTF-8 Marathi hyphenation patterns
(/usr/share/texmf-dist/tex/generic/hyph-utf8/patterns/tex/hyph-mr.tex))
\lang@oriya=\language55

(/usr/share/texmf-dist/tex/generic/hyph-utf8/loadhyph/loadhyph-or.tex
UTF-8 Oriya hyphenation patterns
(/usr/share/texmf-dist/tex/generic/hyph-utf8/patterns/tex/hyph-or.tex))
\lang@pali=\language56

(/usr/share/texmf-dist/tex/generic/hyph-utf8/loadhyph/loadhyph-pi.tex
UTF-8 Pali hyphenation patterns
(/usr/share/texmf-dist/tex/generic/hyph-utf8/patterns/tex/hyph-pi.tex))
\lang@panjabi=\language57

(/usr/share/texmf-dist/tex/generic/hyph-utf8/loadhyph/loadhyph-pa.tex
UTF-8 Panjabi hyphenation patterns
(/usr/share/texmf-dist/tex/generic/hyph-utf8/patterns/tex/hyph-pa.tex))
\lang@tamil=\language58

(/usr/share/texmf-dist/tex/generic/hyph-utf8/loadhyph/loadhyph-ta.tex
UTF-8 Tamil hyphenation patterns
(/usr/share/texmf-dist/tex/generic/hyph-utf8/patterns/tex/hyph-ta.tex))
\lang@telugu=\language59

(/usr/share/texmf-dist/tex/generic/hyph-utf8/loadhyph/loadhyph-te.tex
UTF-8 Telugu hyphenation patterns
(/usr/share/texmf-dist/tex/generic/hyph-utf8/patterns/tex/hyph-te.tex))
\lang@indonesian=\language60

(/usr/share/texmf-dist/tex/generic/hyph-utf8/loadhyph/loadhyph-id.tex
ASCII Indonesian hyphenation patterns
(/usr/share/texmf-dist/tex/generic/hyph-utf8/patterns/tex/hyph-id.tex))
\lang@interlingua=\language61

(/usr/share/texmf-dist/tex/generic/hyph-utf8/loadhyph/loadhyph-ia.tex
ASCII Hyphenation patterns for Interlingua
(/usr/share/texmf-dist/tex/generic/hyph-utf8/patterns/tex/hyph-ia.tex))
\lang@irish=\language62

(/usr/share/texmf-dist/tex/generic/hyph-utf8/loadhyph/loadhyph-ga.tex
UTF-8 Irish hyphenation patterns
(/usr/share/texmf-dist/tex/generic/hyph-utf8/patterns/tex/hyph-ga.tex))
\lang@italian=\language63

(/usr/share/texmf-dist/tex/generic/hyph-utf8/loadhyph/loadhyph-it.tex
UTF-8 Italian hyphenation patterns
(/usr/share/texmf-dist/tex/generic/hyph-utf8/patterns/tex/hyph-it.tex)
(/usr/share/texmf-dist/tex/generic/hyph-utf8/patterns/quote/hyph-quote-it.tex))
\lang@kurmanji=\language64
(/usr/share/texmf-dist/tex/generic/hyph-utf8/loadhyph/loadhyph-kmr.tex
UTF-8 Kurmanji hyphenation patterns
(/usr/share/texmf-dist/tex/generic/hyph-utf8/patterns/tex/hyph-kmr.tex))
\lang@classiclatin=\language65

(/usr/share/texmf-dist/tex/generic/hyph-utf8/loadhyph/loadhyph-la-x-classic.tex
UTF-8 Classical Latin hyphenation patterns, v.2.0 2019-07-03
(/usr/share/texmf-dist/tex/generic/hyph-utf8/patterns/tex/hyph-la-x-classic.tex
))
\lang@latin=\language66
 (/usr/share/texmf-dist/tex/generic/hyph-utf8/loadhyph/loadhyph-la.tex
UTF-8 Latin hyphenation patterns
(/usr/share/texmf-dist/tex/generic/hyph-utf8/patterns/tex/hyph-la.tex))
\lang@liturgicallatin=\language67

(/usr/share/texmf-dist/tex/generic/hyph-utf8/loadhyph/loadhyph-la-x-liturgic.te
x UTF-8 Liturgical Latin hyphenation patterns
(/usr/share/texmf-dist/tex/generic/hyph-utf8/patterns/tex/hyph-la-x-liturgic.te
x))
\lang@latvian=\language68
 (/usr/share/texmf-dist/tex/generic/hyph-utf8/loadhyph/loadhyph-lv.tex
UTF-8 Latvian hyphenation patterns
(/usr/share/texmf-dist/tex/generic/hyph-utf8/patterns/tex/hyph-lv.tex))
\lang@lithuanian=\language69

(/usr/share/texmf-dist/tex/generic/hyph-utf8/loadhyph/loadhyph-lt.tex
UTF-8 Lithuanian hyphenation patterns
(/usr/share/texmf-dist/tex/generic/hyph-utf8/patterns/tex/hyph-lt.tex))
\lang@macedonian=\language70

(/usr/share/texmf-dist/tex/generic/hyph-utf8/loadhyph/loadhyph-mk.tex
UTF-8 Macedonian hyphenation patterns
(/usr/share/texmf-dist/tex/generic/hyph-utf8/patterns/tex/hyph-mk.tex))
\lang@mongolian=\language71

(/usr/share/texmf-dist/tex/generic/hyph-utf8/loadhyph/loadhyph-mn-cyrl.tex
UTF-8 (New) Mongolian hyphenation patterns
(/usr/share/texmf-dist/tex/generic/hyph-utf8/patterns/tex/hyph-mn-cyrl.tex))
\lang@mongolianlmc=\language72

(/usr/share/texmf-dist/tex/generic/hyph-utf8/loadhyph/loadhyph-mn-cyrl-x-lmc.te
x UTF-8 Mongolian hyphenation patterns
(/usr/share/texmf-dist/tex/generic/hyph-utf8/patterns/tex/hyph-mn-cyrl-x-lmc.te
x))
\lang@bokmal=\language73
 (/usr/share/texmf-dist/tex/generic/hyph-utf8/loadhyph/loadhyph-nb.tex
UTF-8 Norwegian Bokmal hyphenation patterns
(/usr/share/texmf-dist/tex/generic/hyph-utf8/patterns/tex/hyph-nb.tex
(/usr/share/texmf-dist/tex/generic/hyph-utf8/patterns/tex/hyph-no.tex)))
\lang@norwegian=\language74

(/usr/share/texmf-dist/tex/generic/hyph-utf8/loadhyph/loadhyph-nb.tex
UTF-8 Norwegian Bokmal hyphenation patterns
(/usr/share/texmf-dist/tex/generic/hyph-utf8/patterns/tex/hyph-nb.tex
(/usr/share/texmf-dist/tex/generic/hyph-utf8/patterns/tex/hyph-no.tex)))
\lang@norsk=\language75

(/usr/share/texmf-dist/tex/generic/hyph-utf8/loadhyph/loadhyph-nb.tex
UTF-8 Norwegian Bokmal hyphenation patterns
(/usr/share/texmf-dist/tex/generic/hyph-utf8/patterns/tex/hyph-nb.tex
(/usr/share/texmf-dist/tex/generic/hyph-utf8/patterns/tex/hyph-no.tex)))
\lang@nynorsk=\language76

(/usr/share/texmf-dist/tex/generic/hyph-utf8/loadhyph/loadhyph-nn.tex
UTF-8 Norwegian Nynorsk hyphenation patterns
(/usr/share/texmf-dist/tex/generic/hyph-utf8/patterns/tex/hyph-nn.tex
(/usr/share/texmf-dist/tex/generic/hyph-utf8/patterns/tex/hyph-no.tex)))
\lang@occitan=\language77

(/usr/share/texmf-dist/tex/generic/hyph-utf8/loadhyph/loadhyph-oc.tex
UTF-8 Occitan hyphenation patterns
(/usr/share/texmf-dist/tex/generic/hyph-utf8/patterns/tex/hyph-oc.tex)
(/usr/share/texmf-dist/tex/generic/hyph-utf8/patterns/quote/hyph-quote-oc.tex))
\lang@piedmontese=\language78
(/usr/share/texmf-dist/tex/generic/hyph-utf8/loadhyph/loadhyph-pms.tex
UTF-8 Piedmontese hyphenation patterns
(/usr/share/texmf-dist/tex/generic/hyph-utf8/patterns/tex/hyph-pms.tex)
(/usr/share/texmf-dist/tex/generic/hyph-utf8/patterns/quote/hyph-quote-pms.tex)
)
\lang@polish=\language79
 (/usr/share/texmf-dist/tex/generic/hyph-utf8/loadhyph/loadhyph-pl.tex
UTF-8 Polish hyphenation patterns
(/usr/share/texmf-dist/tex/generic/hyph-utf8/patterns/tex/hyph-pl.tex))
\lang@portuguese=\language80

(/usr/share/texmf-dist/tex/generic/hyph-utf8/loadhyph/loadhyph-pt.tex
UTF-8 Portuguese hyphenation patterns
(/usr/share/texmf-dist/tex/generic/hyph-utf8/patterns/tex/hyph-pt.tex))
\lang@portuges=\language81

(/usr/share/texmf-dist/tex/generic/hyph-utf8/loadhyph/loadhyph-pt.tex
UTF-8 Portuguese hyphenation patterns
(/usr/share/texmf-dist/tex/generic/hyph-utf8/patterns/tex/hyph-pt.tex))
\lang@romanian=\language82

(/usr/share/texmf-dist/tex/generic/hyph-utf8/loadhyph/loadhyph-ro.tex
UTF-8 Romanian hyphenation patterns
(/usr/share/texmf-dist/tex/generic/hyph-utf8/patterns/tex/hyph-ro.tex))
\lang@romansh=\language83

(/usr/share/texmf-dist/tex/generic/hyph-utf8/loadhyph/loadhyph-rm.tex
UTF-8 Romansh hyphenation patterns
(/usr/share/texmf-dist/tex/generic/hyph-utf8/patterns/tex/hyph-rm.tex)
(/usr/share/texmf-dist/tex/generic/hyph-utf8/patterns/quote/hyph-quote-rm.tex))
\lang@russian=\language84
(/usr/share/texmf-dist/tex/generic/hyph-utf8/loadhyph/loadhyph-ru.tex
UTF-8 Russian hyphenation patterns
(/usr/share/texmf-dist/tex/generic/hyph-utf8/patterns/tex/hyph-ru.tex))
\lang@sanskrit=\language85

(/usr/share/texmf-dist/tex/generic/hyph-utf8/loadhyph/loadhyph-sa.tex
UTF-8 Sanskrit hyphenation patterns
(/usr/share/texmf-dist/tex/generic/hyph-utf8/patterns/tex/hyph-sa.tex))
\lang@serbian=\language86

(/usr/share/texmf-dist/tex/generic/hyph-utf8/loadhyph/loadhyph-sr-latn.tex
UTF-8 Serbian hyphenation patterns
(/usr/share/texmf-dist/tex/generic/hyph-utf8/patterns/tex/hyph-sh-latn.tex)
(/usr/share/texmf-dist/tex/generic/hyph-utf8/patterns/tex/hyph-sh-cyrl.tex))
\lang@serbianc=\language87

(/usr/share/texmf-dist/tex/generic/hyph-utf8/loadhyph/loadhyph-sr-cyrl.tex
UTF-8 Serbian hyphenation patterns
(/usr/share/texmf-dist/tex/generic/hyph-utf8/patterns/tex/hyph-sh-latn.tex)
(/usr/share/texmf-dist/tex/generic/hyph-utf8/patterns/tex/hyph-sh-cyrl.tex))
\lang@slovak=\language88

(/usr/share/texmf-dist/tex/generic/hyph-utf8/loadhyph/loadhyph-sk.tex
UTF-8 Slovak hyphenation patterns
(/usr/share/texmf-dist/tex/generic/hyph-utf8/patterns/tex/hyph-sk.tex))
\lang@slovenian=\language89

(/usr/share/texmf-dist/tex/generic/hyph-utf8/loadhyph/loadhyph-sl.tex
UTF-8 Slovenian hyphenation patterns
(/usr/share/texmf-dist/tex/generic/hyph-utf8/patterns/tex/hyph-sl.tex))
\lang@slovene=\language90

(/usr/share/texmf-dist/tex/generic/hyph-utf8/loadhyph/loadhyph-sl.tex
UTF-8 Slovenian hyphenation patterns
(/usr/share/texmf-dist/tex/generic/hyph-utf8/patterns/tex/hyph-sl.tex))
\lang@spanish=\language91

(/usr/share/texmf-dist/tex/generic/hyph-utf8/loadhyph/loadhyph-es.tex
UTF-8 Spanish hyphenation patterns
(/usr/share/texmf-dist/tex/generic/hyph-utf8/patterns/tex/hyph-es.tex))
\lang@espanol=\language92

(/usr/share/texmf-dist/tex/generic/hyph-utf8/loadhyph/loadhyph-es.tex
UTF-8 Spanish hyphenation patterns
(/usr/share/texmf-dist/tex/generic/hyph-utf8/patterns/tex/hyph-es.tex))
\lang@swedish=\language93

(/usr/share/texmf-dist/tex/generic/hyph-utf8/loadhyph/loadhyph-sv.tex
UTF-8 Swedish hyphenation patterns
(/usr/share/texmf-dist/tex/generic/hyph-utf8/patterns/tex/hyph-sv.tex))
\lang@thai=\language94

(/usr/share/texmf-dist/tex/generic/hyph-utf8/loadhyph/loadhyph-th.tex
UTF-8 Thai hyphenation patterns
(/usr/share/texmf-dist/tex/generic/hyph-utf8/patterns/tex/hyph-th.tex))
\lang@turkish=\language95

(/usr/share/texmf-dist/tex/generic/hyph-utf8/loadhyph/loadhyph-tr.tex
UTF-8 Turkish hyphenation patterns
(/usr/share/texmf-dist/tex/generic/hyph-utf8/patterns/tex/hyph-tr.tex))
\lang@turkmen=\language96

(/usr/share/texmf-dist/tex/generic/hyph-utf8/loadhyph/loadhyph-tk.tex
UTF-8 Turkmen hyphenation patterns
(/usr/share/texmf-dist/tex/generic/hyph-utf8/patterns/tex/hyph-tk.tex))
\lang@ukrainian=\language97

(/usr/share/texmf-dist/tex/generic/hyph-utf8/loadhyph/loadhyph-uk.tex
UTF-8 Ukrainian hyphenation patterns
(/usr/share/texmf-dist/tex/generic/hyph-utf8/patterns/tex/hyph-uk.tex)
(/usr/share/texmf-dist/tex/generic/hyph-utf8/patterns/quote/hyph-quote-uk.tex))
\lang@uppersorbian=\language98
(/usr/share/texmf-dist/tex/generic/hyph-utf8/loadhyph/loadhyph-hsb.tex
UTF-8 Upper Sorbian hyphenation patterns
(/usr/share/texmf-dist/tex/generic/hyph-utf8/patterns/tex/hyph-hsb.tex))
\lang@welsh=\language99

(/usr/share/texmf-dist/tex/generic/hyph-utf8/loadhyph/loadhyph-cy.tex
UTF-8 Welsh hyphenation patterns
(/usr/share/texmf-dist/tex/generic/hyph-utf8/patterns/tex/hyph-cy.tex)))
Augmenting the Plain TeX definitions: \tracingall;
Adding new e-TeX definitions: \eTeX, \loggingall, \tracingnone,
register allocation;
\et@xins=\count26
 extended register allocation; 
Recycling: \addlanguage, \@nswer (not defined), \@sk, \b@dresponsetrue,
\b@dresponsefalse, \ch@ckforyn, \mayber@cycle, \et@xabort, \et@xbuf,
\et@xfmtsrc, \et@xfilehdr, \et@xinf, \et@xpatterns, \l@ngdefnfile, \n@xt,
\p@rse (not defined), \pr@mpt (not defined), \pr@mptloop (not defined),
\forcer@cycle, \usef@llback, \usef@llbacktrue, \usef@llbackfalse, 
Retaining: \et@xerr, \et@xinput, \et@xlibhdr, \et@xmsg, \et@xtoks, \et@xwarn,
\et@xl@@d, \et@xl@ad, \et@xload, \et@xlang, \et@xhash, \eTeX, \etexhdrchk,
\etexstatus, \module, \uselanguage, \r@tain, \r@cycle,)
\xe@alloc@intercharclass=\count27

 )
Beginning to dump on file xetex.fmt
 (preloaded format=xetex 2023.2.4)
72956 strings of total length 106891
12098 memory locations dumped; current usage is 647&10688
4241 multiletter control sequences
\font\nullfont=nullfont
\font\tenrm=cmr10
\font\sevenrm=cmr7
\font\fiverm=cmr5
\font\teni=cmmi10
\font\seveni=cmmi7
\font\fivei=cmmi5
\font\tensy=cmsy10
\font\sevensy=cmsy7
\font\fivesy=cmsy5
\font\tenex=cmex10
\font\tenbf=cmbx10
\font\sevenbf=cmbx7
\font\fivebf=cmbx5
\font\tentt=cmtt10
\font\tensl=cmsl10
\font\tenit=cmti10
4739 words of font info for 16 preloaded fonts
1582 hyphenation exceptions
Hyphenation trie of length 577281 has 13074 ops out of 35111
  143 for language 99
  110 for language 98
  138 for language 97
  7 for language 96
  12 for language 95
  53 for language 94
  127 for language 93
  195 for language 92
  195 for language 91
  71 for language 90
  71 for language 89
  248 for language 88
  66 for language 87
  66 for language 86
  15 for language 85
  119 for language 84
  43 for language 83
  58 for language 82
  7 for language 81
  7 for language 80
  194 for language 79
  37 for language 78
  23 for language 77
  852 for language 76
  852 for language 75
  852 for language 74
  852 for language 73
  21 for language 72
  38 for language 71
  38 for language 70
  77 for language 69
  58 for language 68
  206 for language 67
  25 for language 66
  316 for language 65
  27 for language 64
  37 for language 63
  229 for language 62
  38 for language 61
  21 for language 60
  6 for language 59
  7 for language 58
  6 for language 57
  12 for language 56
  6 for language 55
  6 for language 54
  8 for language 53
  6 for language 52
  6 for language 51
  6 for language 50
  6 for language 49
  6 for language 48
  147 for language 47
  185 for language 46
  20 for language 45
  44 for language 44
  44 for language 43
  420 for language 42
  424 for language 41
  432 for language 40
  39 for language 39
  76 for language 38
  40 for language 37
  89 for language 36
  89 for language 35
  89 for language 34
  6 for language 33
  31 for language 32
  3 for language 29
  3 for language 28
  3 for language 27
  113 for language 26
  145 for language 25
  377 for language 24
  224 for language 23
  224 for language 22
  224 for language 21
  265 for language 20
  60 for language 19
  63 for language 18
  19 for language 17
  15 for language 16
  111 for language 15
  3 for language 14
  21 for language 13
  54 for language 12
  36 for language 11
  5 for language 10
  2 for language 9
  148 for language 7
  78 for language 6
  137 for language 5
  438 for language 4
  438 for language 3
  442 for language 2
  442 for language 1
  181 for language 0
No pages of output.
